R00=00000000 R01=00000000 R02=00000000 R03=00000000
R04=00000000 R05=00000000 R06=00000000 R07=00000000
R08=00000000 R09=00000000 R10=00000000 R11=00000000
R12=00000000 R13=00000000 R14=00000000 R15=00000000
PSR=400001d3 -Z-- A svc32
----------------
IN: 
0x00000000:  e3a00000      mov	r0, #0	; 0x0

R00=00000000 R01=00000000 R02=00000000 R03=00000000
R04=00000000 R05=00000000 R06=00000000 R07=00000000
R08=00000000 R09=00000000 R10=00000000 R11=00000000
R12=00000000 R13=00000000 R14=00000000 R15=00000004
PSR=400001d3 -Z-- A svc32
----------------
IN: 
0x00000004:  e59f1004      ldr	r1, [pc, #4]	; 0x10

R00=00000000 R01=00000183 R02=00000000 R03=00000000
R04=00000000 R05=00000000 R06=00000000 R07=00000000
R08=00000000 R09=00000000 R10=00000000 R11=00000000
R12=00000000 R13=00000000 R14=00000000 R15=00000008
PSR=400001d3 -Z-- A svc32
----------------
IN: 
0x00000008:  e59f2004      ldr	r2, [pc, #4]	; 0x14

R00=00000000 R01=00000183 R02=00000100 R03=00000000
R04=00000000 R05=00000000 R06=00000000 R07=00000000
R08=00000000 R09=00000000 R10=00000000 R11=00000000
R12=00000000 R13=00000000 R14=00000000 R15=0000000c
PSR=400001d3 -Z-- A svc32
----------------
IN: 
0x0000000c:  e59ff004      ldr	pc, [pc, #4]	; 0x18

R00=00000000 R01=00000183 R02=00000100 R03=00000000
R04=00000000 R05=00000000 R06=00000000 R07=00000000
R08=00000000 R09=00000000 R10=00000000 R11=00000000
R12=00000000 R13=00000000 R14=00000000 R15=00010000
PSR=400001d3 -Z-- A svc32
----------------
IN: 
0x00010000:  e59f0634      ldr	r0, [pc, #1588]	; 0x1063c

R00=101f1000 R01=00000183 R02=00000100 R03=00000000
R04=00000000 R05=00000000 R06=00000000 R07=00000000
R08=00000000 R09=00000000 R10=00000000 R11=00000000
R12=00000000 R13=00000000 R14=00000000 R15=00010004
PSR=400001d3 -Z-- A svc32
----------------
IN: 
0x00010004:  e3a0da12      mov	sp, #73728	; 0x12000

R00=101f1000 R01=00000183 R02=00000100 R03=00000000
R04=00000000 R05=00000000 R06=00000000 R07=00000000
R08=00000000 R09=00000000 R10=00000000 R11=00000000
R12=00000000 R13=00012000 R14=00000000 R15=00010008
PSR=400001d3 -Z-- A svc32
----------------
IN: 
0x00010008:  e59f1630      ldr	r1, [pc, #1584]	; 0x10640

R00=101f1000 R01=00010898 R02=00000100 R03=00000000
R04=00000000 R05=00000000 R06=00000000 R07=00000000
R08=00000000 R09=00000000 R10=00000000 R11=00000000
R12=00000000 R13=00012000 R14=00000000 R15=0001000c
PSR=400001d3 -Z-- A svc32
----------------
IN: 
0x0001000c:  eb000078      bl	0x101f4

R00=101f1000 R01=00010898 R02=00000100 R03=00000000
R04=00000000 R05=00000000 R06=00000000 R07=00000000
R08=00000000 R09=00000000 R10=00000000 R11=00000000
R12=00000000 R13=00012000 R14=00010010 R15=000101f4
PSR=400001d3 -Z-- A svc32
----------------
IN: 
0x000101f4:  e92d4006      push	{r1, r2, lr}

R00=101f1000 R01=00010898 R02=00000100 R03=00000000
R04=00000000 R05=00000000 R06=00000000 R07=00000000
R08=00000000 R09=00000000 R10=00000000 R11=00000000
R12=00000000 R13=00011ff4 R14=00010010 R15=000101f8
PSR=400001d3 -Z-- A svc32
----------------
IN: 
0x000101f8:  e5912000      ldr	r2, [r1]

R00=101f1000 R01=00010898 R02=72617453 R03=00000000
R04=00000000 R05=00000000 R06=00000000 R07=00000000
R08=00000000 R09=00000000 R10=00000000 R11=00000000
R12=00000000 R13=00011ff4 R14=00010010 R15=000101fc
PSR=400001d3 -Z-- A svc32
----------------
IN: 
0x000101fc:  e3520000      cmp	r2, #0	; 0x0

R00=101f1000 R01=00010898 R02=72617453 R03=00000000
R04=00000000 R05=00000000 R06=00000000 R07=00000000
R08=00000000 R09=00000000 R10=00000000 R11=00000000
R12=00000000 R13=00011ff4 R14=00010010 R15=00010200
PSR=200001d3 --C- A svc32
----------------
IN: 
0x00010200:  0a000002      beq	0x10210

R00=101f1000 R01=00010898 R02=72617453 R03=00000000
R04=00000000 R05=00000000 R06=00000000 R07=00000000
R08=00000000 R09=00000000 R10=00000000 R11=00000000
R12=00000000 R13=00011ff4 R14=00010010 R15=00010204
PSR=200001d3 --C- A svc32
----------------
IN: 
0x00010204:  e5802000      str	r2, [r0]

R00=101f1000 R01=00010898 R02=72617453 R03=00000000
R04=00000000 R05=00000000 R06=00000000 R07=00000000
R08=00000000 R09=00000000 R10=00000000 R11=00000000
R12=00000000 R13=00011ff4 R14=00010010 R15=00010208
PSR=200001d3 --C- A svc32
----------------
IN: 
0x00010208:  e2811001      add	r1, r1, #1	; 0x1

R00=101f1000 R01=00010899 R02=72617453 R03=00000000
R04=00000000 R05=00000000 R06=00000000 R07=00000000
R08=00000000 R09=00000000 R10=00000000 R11=00000000
R12=00000000 R13=00011ff4 R14=00010010 R15=0001020c
PSR=200001d3 --C- A svc32
----------------
IN: 
0x0001020c:  eafffff9      b	0x101f8

R00=101f1000 R01=00010899 R02=72617453 R03=00000000
R04=00000000 R05=00000000 R06=00000000 R07=00000000
R08=00000000 R09=00000000 R10=00000000 R11=00000000
R12=00000000 R13=00011ff4 R14=00010010 R15=000101f8
PSR=200001d3 --C- A svc32
R00=101f1000 R01=000108ad R02=00000000 R03=00000000
R04=00000000 R05=00000000 R06=00000000 R07=00000000
R08=00000000 R09=00000000 R10=00000000 R11=00000000
R12=00000000 R13=00011ff4 R14=00010010 R15=00010210
PSR=600001d3 -ZC- A svc32
----------------
IN: 
0x00010210:  e8bd4006      pop	{r1, r2, lr}

R00=101f1000 R01=00010898 R02=00000100 R03=00000000
R04=00000000 R05=00000000 R06=00000000 R07=00000000
R08=00000000 R09=00000000 R10=00000000 R11=00000000
R12=00000000 R13=00012000 R14=00010010 R15=00010214
PSR=600001d3 -ZC- A svc32
----------------
IN: 
0x00010214:  e12fff1e      bx	lr

R00=101f1000 R01=00010898 R02=00000100 R03=00000000
R04=00000000 R05=00000000 R06=00000000 R07=00000000
R08=00000000 R09=00000000 R10=00000000 R11=00000000
R12=00000000 R13=00012000 R14=00010010 R15=00010010
PSR=600001d3 -ZC- A svc32
----------------
IN: 
0x00010010:  e3a06000      mov	r6, #0	; 0x0

R00=101f1000 R01=00010898 R02=00000100 R03=00000000
R04=00000000 R05=00000000 R06=00000000 R07=00000000
R08=00000000 R09=00000000 R10=00000000 R11=00000000
R12=00000000 R13=00012000 R14=00010010 R15=00010014
PSR=600001d3 -ZC- A svc32
----------------
IN: 
0x00010014:  e59f0620      ldr	r0, [pc, #1568]	; 0x1063c

R00=101f1000 R01=00010898 R02=00000100 R03=00000000
R04=00000000 R05=00000000 R06=00000000 R07=00000000
R08=00000000 R09=00000000 R10=00000000 R11=00000000
R12=00000000 R13=00012000 R14=00010010 R15=00010018
PSR=600001d3 -ZC- A svc32
----------------
IN: 
0x00010018:  e3560000      cmp	r6, #0	; 0x0

R00=101f1000 R01=00010898 R02=00000100 R03=00000000
R04=00000000 R05=00000000 R06=00000000 R07=00000000
R08=00000000 R09=00000000 R10=00000000 R11=00000000
R12=00000000 R13=00012000 R14=00010010 R15=0001001c
PSR=600001d3 -ZC- A svc32
----------------
IN: 
0x0001001c:  059f1620      ldreq	r1, [pc, #1568]	; 0x10644

R00=101f1000 R01=000108b2 R02=00000100 R03=00000000
R04=00000000 R05=00000000 R06=00000000 R07=00000000
R08=00000000 R09=00000000 R10=00000000 R11=00000000
R12=00000000 R13=00012000 R14=00010010 R15=00010020
PSR=600001d3 -ZC- A svc32
----------------
IN: 
0x00010020:  0a000007      beq	0x10044

R00=101f1000 R01=000108b2 R02=00000100 R03=00000000
R04=00000000 R05=00000000 R06=00000000 R07=00000000
R08=00000000 R09=00000000 R10=00000000 R11=00000000
R12=00000000 R13=00012000 R14=00010010 R15=00010044
PSR=600001d3 -ZC- A svc32
----------------
IN: 
0x00010044:  eb00006a      bl	0x101f4

R00=101f1000 R01=000108b2 R02=00000100 R03=00000000
R04=00000000 R05=00000000 R06=00000000 R07=00000000
R08=00000000 R09=00000000 R10=00000000 R11=00000000
R12=00000000 R13=00012000 R14=00010048 R15=000101f4
PSR=600001d3 -ZC- A svc32
R00=101f1000 R01=000108b2 R02=00000100 R03=00000000
R04=00000000 R05=00000000 R06=00000000 R07=00000000
R08=00000000 R09=00000000 R10=00000000 R11=00000000
R12=00000000 R13=00012000 R14=00010048 R15=00010048
PSR=600001d3 -ZC- A svc32
----------------
IN: 
0x00010048:  e59f4600      ldr	r4, [pc, #1536]	; 0x10650

R00=101f1000 R01=000108b2 R02=00000100 R03=00000000
R04=00010980 R05=00000000 R06=00000000 R07=00000000
R08=00000000 R09=00000000 R10=00000000 R11=00000000
R12=00000000 R13=00012000 R14=00010048 R15=0001004c
PSR=600001d3 -ZC- A svc32
----------------
IN: 
0x0001004c:  e59f5600      ldr	r5, [pc, #1536]	; 0x10654

R00=101f1000 R01=000108b2 R02=00000100 R03=00000000
R04=00010980 R05=0001098c R06=00000000 R07=00000000
R08=00000000 R09=00000000 R10=00000000 R11=00000000
R12=00000000 R13=00012000 R14=00010048 R15=00010050
PSR=600001d3 -ZC- A svc32
----------------
IN: 
0x00010050:  e5902018      ldr	r2, [r0, #24]

R00=101f1000 R01=000108b2 R02=00000080 R03=00000000
R04=00010980 R05=0001098c R06=00000000 R07=00000000
R08=00000000 R09=00000000 R10=00000000 R11=00000000
R12=00000000 R13=00012000 R14=00010048 R15=00010054
PSR=600001d3 -ZC- A svc32
----------------
IN: 
0x00010054:  e2023010      and	r3, r2, #16	; 0x10

R00=101f1000 R01=000108b2 R02=00000080 R03=00000000
R04=00010980 R05=0001098c R06=00000000 R07=00000000
R08=00000000 R09=00000000 R10=00000000 R11=00000000
R12=00000000 R13=00012000 R14=00010048 R15=00010058
PSR=600001d3 -ZC- A svc32
----------------
IN: 
0x00010058:  e3530000      cmp	r3, #0	; 0x0

R00=101f1000 R01=000108b2 R02=00000080 R03=00000000
R04=00010980 R05=0001098c R06=00000000 R07=00000000
R08=00000000 R09=00000000 R10=00000000 R11=00000000
R12=00000000 R13=00012000 R14=00010048 R15=0001005c
PSR=600001d3 -ZC- A svc32
----------------
IN: 
0x0001005c:  1afffffb      bne	0x10050

R00=101f1000 R01=000108b2 R02=00000080 R03=00000000
R04=00010980 R05=0001098c R06=00000000 R07=00000000
R08=00000000 R09=00000000 R10=00000000 R11=00000000
R12=00000000 R13=00012000 R14=00010048 R15=00010060
PSR=600001d3 -ZC- A svc32
----------------
IN: 
0x00010060:  e5901000      ldr	r1, [r0]

R00=101f1000 R01=00000032 R02=00000080 R03=00000000
R04=00010980 R05=0001098c R06=00000000 R07=00000000
R08=00000000 R09=00000000 R10=00000000 R11=00000000
R12=00000000 R13=00012000 R14=00010048 R15=00010064
PSR=600001d3 -ZC- A svc32
----------------
IN: 
0x00010064:  e5902018      ldr	r2, [r0, #24]

R00=101f1000 R01=00000032 R02=00000080 R03=00000000
R04=00010980 R05=0001098c R06=00000000 R07=00000000
R08=00000000 R09=00000000 R10=00000000 R11=00000000
R12=00000000 R13=00012000 R14=00010048 R15=00010064
PSR=600001d3 -ZC- A svc32
R00=101f1000 R01=00000032 R02=00000080 R03=00000000
R04=00010980 R05=0001098c R06=00000000 R07=00000000
R08=00000000 R09=00000000 R10=00000000 R11=00000000
R12=00000000 R13=00012000 R14=00010048 R15=00010068
PSR=600001d3 -ZC- A svc32
----------------
IN: 
0x00010068:  e2023020      and	r3, r2, #32	; 0x20

R00=101f1000 R01=00000032 R02=00000080 R03=00000000
R04=00010980 R05=0001098c R06=00000000 R07=00000000
R08=00000000 R09=00000000 R10=00000000 R11=00000000
R12=00000000 R13=00012000 R14=00010048 R15=0001006c
PSR=600001d3 -ZC- A svc32
----------------
IN: 
0x0001006c:  e3530000      cmp	r3, #0	; 0x0

R00=101f1000 R01=00000032 R02=00000080 R03=00000000
R04=00010980 R05=0001098c R06=00000000 R07=00000000
R08=00000000 R09=00000000 R10=00000000 R11=00000000
R12=00000000 R13=00012000 R14=00010048 R15=00010070
PSR=600001d3 -ZC- A svc32
----------------
IN: 
0x00010070:  1afffffb      bne	0x10064

R00=101f1000 R01=00000032 R02=00000080 R03=00000000
R04=00010980 R05=0001098c R06=00000000 R07=00000000
R08=00000000 R09=00000000 R10=00000000 R11=00000000
R12=00000000 R13=00012000 R14=00010048 R15=00010074
PSR=600001d3 -ZC- A svc32
----------------
IN: 
0x00010074:  e5801000      str	r1, [r0]

R00=101f1000 R01=00000032 R02=00000080 R03=00000000
R04=00010980 R05=0001098c R06=00000000 R07=00000000
R08=00000000 R09=00000000 R10=00000000 R11=00000000
R12=00000000 R13=00012000 R14=00010048 R15=00010078
PSR=600001d3 -ZC- A svc32
----------------
IN: 
0x00010078:  e1540005      cmp	r4, r5

R00=101f1000 R01=00000032 R02=00000080 R03=00000000
R04=00010980 R05=0001098c R06=00000000 R07=00000000
R08=00000000 R09=00000000 R10=00000000 R11=00000000
R12=00000000 R13=00012000 R14=00010048 R15=0001007c
PSR=800001d3 N--- A svc32
----------------
IN: 
0x0001007c:  0a00000b      beq	0x100b0

R00=101f1000 R01=00000032 R02=00000080 R03=00000000
R04=00010980 R05=0001098c R06=00000000 R07=00000000
R08=00000000 R09=00000000 R10=00000000 R11=00000000
R12=00000000 R13=00012000 R14=00010048 R15=00010080
PSR=800001d3 N--- A svc32
----------------
IN: 
0x00010080:  e351000d      cmp	r1, #13	; 0xd

R00=101f1000 R01=00000032 R02=00000080 R03=00000000
R04=00010980 R05=0001098c R06=00000000 R07=00000000
R08=00000000 R09=00000000 R10=00000000 R11=00000000
R12=00000000 R13=00012000 R14=00010048 R15=00010084
PSR=200001d3 --C- A svc32
----------------
IN: 
0x00010084:  1a000004      bne	0x1009c

R00=101f1000 R01=00000032 R02=00000080 R03=00000000
R04=00010980 R05=0001098c R06=00000000 R07=00000000
R08=00000000 R09=00000000 R10=00000000 R11=00000000
R12=00000000 R13=00012000 R14=00010048 R15=0001009c
PSR=200001d3 --C- A svc32
----------------
IN: 
0x0001009c:  e5c41000      strb	r1, [r4]

R00=101f1000 R01=00000032 R02=00000080 R03=00000000
R04=00010980 R05=0001098c R06=00000000 R07=00000000
R08=00000000 R09=00000000 R10=00000000 R11=00000000
R12=00000000 R13=00012000 R14=00010048 R15=000100a0
PSR=200001d3 --C- A svc32
----------------
IN: 
0x000100a0:  e2844001      add	r4, r4, #1	; 0x1

R00=101f1000 R01=00000032 R02=00000080 R03=00000000
R04=00010981 R05=0001098c R06=00000000 R07=00000000
R08=00000000 R09=00000000 R10=00000000 R11=00000000
R12=00000000 R13=00012000 R14=00010048 R15=000100a4
PSR=200001d3 --C- A svc32
----------------
IN: 
0x000100a4:  e59f25ac      ldr	r2, [pc, #1452]	; 0x10658

R00=101f1000 R01=00000032 R02=00010894 R03=00000000
R04=00010981 R05=0001098c R06=00000000 R07=00000000
R08=00000000 R09=00000000 R10=00000000 R11=00000000
R12=00000000 R13=00012000 R14=00010048 R15=000100a8
PSR=200001d3 --C- A svc32
----------------
IN: 
0x000100a8:  e5821000      str	r1, [r2]

R00=101f1000 R01=00000032 R02=00010894 R03=00000000
R04=00010981 R05=0001098c R06=00000000 R07=00000000
R08=00000000 R09=00000000 R10=00000000 R11=00000000
R12=00000000 R13=00012000 R14=00010048 R15=000100ac
PSR=200001d3 --C- A svc32
----------------
IN: 
0x000100ac:  eaffffe7      b	0x10050

R00=101f1000 R01=00000032 R02=00010894 R03=00000000
R04=00010981 R05=0001098c R06=00000000 R07=00000000
R08=00000000 R09=00000000 R10=00000000 R11=00000000
R12=00000000 R13=00012000 R14=00010048 R15=00010050
PSR=200001d3 --C- A svc32
R00=101f1000 R01=0000000d R02=00000080 R03=00000000
R04=00010981 R05=0001098c R06=00000000 R07=00000000
R08=00000000 R09=00000000 R10=00000000 R11=00000000
R12=00000000 R13=00012000 R14=00010048 R15=00010088
PSR=600001d3 -ZC- A svc32
----------------
IN: 
0x00010088:  e59f25c8      ldr	r2, [pc, #1480]	; 0x10658

R00=101f1000 R01=0000000d R02=00010894 R03=00000000
R04=00010981 R05=0001098c R06=00000000 R07=00000000
R08=00000000 R09=00000000 R10=00000000 R11=00000000
R12=00000000 R13=00012000 R14=00010048 R15=0001008c
PSR=600001d3 -ZC- A svc32
----------------
IN: 
0x0001008c:  e5922000      ldr	r2, [r2]

R00=101f1000 R01=0000000d R02=00000032 R03=00000000
R04=00010981 R05=0001098c R06=00000000 R07=00000000
R08=00000000 R09=00000000 R10=00000000 R11=00000000
R12=00000000 R13=00012000 R14=00010048 R15=00010090
PSR=600001d3 -ZC- A svc32
----------------
IN: 
0x00010090:  e3520071      cmp	r2, #113	; 0x71

R00=101f1000 R01=0000000d R02=00000032 R03=00000000
R04=00010981 R05=0001098c R06=00000000 R07=00000000
R08=00000000 R09=00000000 R10=00000000 R11=00000000
R12=00000000 R13=00012000 R14=00010048 R15=00010094
PSR=800001d3 N--- A svc32
----------------
IN: 
0x00010094:  0a000050      beq	0x101dc

R00=101f1000 R01=0000000d R02=00000032 R03=00000000
R04=00010981 R05=0001098c R06=00000000 R07=00000000
R08=00000000 R09=00000000 R10=00000000 R11=00000000
R12=00000000 R13=00012000 R14=00010048 R15=00010098
PSR=800001d3 N--- A svc32
----------------
IN: 
0x00010098:  ea000004      b	0x100b0

R00=101f1000 R01=0000000d R02=00000032 R03=00000000
R04=00010981 R05=0001098c R06=00000000 R07=00000000
R08=00000000 R09=00000000 R10=00000000 R11=00000000
R12=00000000 R13=00012000 R14=00010048 R15=000100b0
PSR=800001d3 N--- A svc32
----------------
IN: 
0x000100b0:  e59f0584      ldr	r0, [pc, #1412]	; 0x1063c

R00=101f1000 R01=0000000d R02=00000032 R03=00000000
R04=00010981 R05=0001098c R06=00000000 R07=00000000
R08=00000000 R09=00000000 R10=00000000 R11=00000000
R12=00000000 R13=00012000 R14=00010048 R15=000100b0
PSR=800001d3 N--- A svc32
R00=101f1000 R01=0000000d R02=00000032 R03=00000000
R04=00010981 R05=0001098c R06=00000000 R07=00000000
R08=00000000 R09=00000000 R10=00000000 R11=00000000
R12=00000000 R13=00012000 R14=00010048 R15=000100b4
PSR=800001d3 N--- A svc32
----------------
IN: 
0x000100b4:  eb000057      bl	0x10218

R00=101f1000 R01=0000000d R02=00000032 R03=00000000
R04=00010981 R05=0001098c R06=00000000 R07=00000000
R08=00000000 R09=00000000 R10=00000000 R11=00000000
R12=00000000 R13=00012000 R14=000100b8 R15=00010218
PSR=800001d3 N--- A svc32
----------------
IN: 
0x00010218:  e3a0200a      mov	r2, #10	; 0xa

R00=101f1000 R01=0000000d R02=0000000a R03=00000000
R04=00010981 R05=0001098c R06=00000000 R07=00000000
R08=00000000 R09=00000000 R10=00000000 R11=00000000
R12=00000000 R13=00012000 R14=000100b8 R15=0001021c
PSR=800001d3 N--- A svc32
----------------
IN: 
0x0001021c:  e5802000      str	r2, [r0]

R00=101f1000 R01=0000000d R02=0000000a R03=00000000
R04=00010981 R05=0001098c R06=00000000 R07=00000000
R08=00000000 R09=00000000 R10=00000000 R11=00000000
R12=00000000 R13=00012000 R14=000100b8 R15=00010220
PSR=800001d3 N--- A svc32
----------------
IN: 
0x00010220:  e3a0200d      mov	r2, #13	; 0xd

R00=101f1000 R01=0000000d R02=0000000d R03=00000000
R04=00010981 R05=0001098c R06=00000000 R07=00000000
R08=00000000 R09=00000000 R10=00000000 R11=00000000
R12=00000000 R13=00012000 R14=000100b8 R15=00010224
PSR=800001d3 N--- A svc32
----------------
IN: 
0x00010224:  e5802000      str	r2, [r0]

R00=101f1000 R01=0000000d R02=0000000d R03=00000000
R04=00010981 R05=0001098c R06=00000000 R07=00000000
R08=00000000 R09=00000000 R10=00000000 R11=00000000
R12=00000000 R13=00012000 R14=000100b8 R15=00010228
PSR=800001d3 N--- A svc32
----------------
IN: 
0x00010228:  e12fff1e      bx	lr

R00=101f1000 R01=0000000d R02=0000000d R03=00000000
R04=00010981 R05=0001098c R06=00000000 R07=00000000
R08=00000000 R09=00000000 R10=00000000 R11=00000000
R12=00000000 R13=00012000 R14=000100b8 R15=000100b8
PSR=800001d3 N--- A svc32
----------------
IN: 
0x000100b8:  e3a01000      mov	r1, #0	; 0x0

R00=101f1000 R01=00000000 R02=0000000d R03=00000000
R04=00010981 R05=0001098c R06=00000000 R07=00000000
R08=00000000 R09=00000000 R10=00000000 R11=00000000
R12=00000000 R13=00012000 R14=000100b8 R15=000100bc
PSR=800001d3 N--- A svc32
----------------
IN: 
0x000100bc:  e5c41000      strb	r1, [r4]

R00=101f1000 R01=00000000 R02=0000000d R03=00000000
R04=00010981 R05=0001098c R06=00000000 R07=00000000
R08=00000000 R09=00000000 R10=00000000 R11=00000000
R12=00000000 R13=00012000 R14=000100b8 R15=000100c0
PSR=800001d3 N--- A svc32
----------------
IN: 
0x000100c0:  e59f0588      ldr	r0, [pc, #1416]	; 0x10650

R00=00010980 R01=00000000 R02=0000000d R03=00000000
R04=00010981 R05=0001098c R06=00000000 R07=00000000
R08=00000000 R09=00000000 R10=00000000 R11=00000000
R12=00000000 R13=00012000 R14=000100b8 R15=000100c4
PSR=800001d3 N--- A svc32
----------------
IN: 
0x000100c4:  eb00007b      bl	0x102b8

R00=00010980 R01=00000000 R02=0000000d R03=00000000
R04=00010981 R05=0001098c R06=00000000 R07=00000000
R08=00000000 R09=00000000 R10=00000000 R11=00000000
R12=00000000 R13=00012000 R14=000100c8 R15=000102b8
PSR=800001d3 N--- A svc32
----------------
IN: 
0x000102b8:  e92d4006      push	{r1, r2, lr}

R00=00010980 R01=00000000 R02=0000000d R03=00000000
R04=00010981 R05=0001098c R06=00000000 R07=00000000
R08=00000000 R09=00000000 R10=00000000 R11=00000000
R12=00000000 R13=00011ff4 R14=000100c8 R15=000102bc
PSR=800001d3 N--- A svc32
----------------
IN: 
0x000102bc:  e1a01000      mov	r1, r0

R00=00010980 R01=00010980 R02=0000000d R03=00000000
R04=00010981 R05=0001098c R06=00000000 R07=00000000
R08=00000000 R09=00000000 R10=00000000 R11=00000000
R12=00000000 R13=00011ff4 R14=000100c8 R15=000102c0
PSR=800001d3 N--- A svc32
----------------
IN: 
0x000102c0:  e5d12000      ldrb	r2, [r1]

R00=00010980 R01=00010980 R02=00000032 R03=00000000
R04=00010981 R05=0001098c R06=00000000 R07=00000000
R08=00000000 R09=00000000 R10=00000000 R11=00000000
R12=00000000 R13=00011ff4 R14=000100c8 R15=000102c4
PSR=800001d3 N--- A svc32
----------------
IN: 
0x000102c4:  e352002d      cmp	r2, #45	; 0x2d

R00=00010980 R01=00010980 R02=00000032 R03=00000000
R04=00010981 R05=0001098c R06=00000000 R07=00000000
R08=00000000 R09=00000000 R10=00000000 R11=00000000
R12=00000000 R13=00011ff4 R14=000100c8 R15=000102c8
PSR=200001d3 --C- A svc32
----------------
IN: 
0x000102c8:  1a000005      bne	0x102e4

R00=00010980 R01=00010980 R02=00000032 R03=00000000
R04=00010981 R05=0001098c R06=00000000 R07=00000000
R08=00000000 R09=00000000 R10=00000000 R11=00000000
R12=00000000 R13=00011ff4 R14=000100c8 R15=000102e4
PSR=200001d3 --C- A svc32
----------------
IN: 
0x000102e4:  e3520030      cmp	r2, #48	; 0x30

R00=00010980 R01=00010980 R02=00000032 R03=00000000
R04=00010981 R05=0001098c R06=00000000 R07=00000000
R08=00000000 R09=00000000 R10=00000000 R11=00000000
R12=00000000 R13=00011ff4 R14=000100c8 R15=000102e8
PSR=200001d3 --C- A svc32
----------------
IN: 
0x000102e8:  b3a00000      movlt	r0, #0	; 0x0

R00=00010980 R01=00010980 R02=00000032 R03=00000000
R04=00010981 R05=0001098c R06=00000000 R07=00000000
R08=00000000 R09=00000000 R10=00000000 R11=00000000
R12=00000000 R13=00011ff4 R14=000100c8 R15=000102ec
PSR=200001d3 --C- A svc32
----------------
IN: 
0x000102ec:  ba00000e      blt	0x1032c

R00=00010980 R01=00010980 R02=00000032 R03=00000000
R04=00010981 R05=0001098c R06=00000000 R07=00000000
R08=00000000 R09=00000000 R10=00000000 R11=00000000
R12=00000000 R13=00011ff4 R14=000100c8 R15=000102f0
PSR=200001d3 --C- A svc32
----------------
IN: 
0x000102f0:  e3520039      cmp	r2, #57	; 0x39

R00=00010980 R01=00010980 R02=00000032 R03=00000000
R04=00010981 R05=0001098c R06=00000000 R07=00000000
R08=00000000 R09=00000000 R10=00000000 R11=00000000
R12=00000000 R13=00011ff4 R14=000100c8 R15=000102f4
PSR=800001d3 N--- A svc32
----------------
IN: 
0x000102f4:  c3a00000      movgt	r0, #0	; 0x0

R00=00010980 R01=00010980 R02=00000032 R03=00000000
R04=00010981 R05=0001098c R06=00000000 R07=00000000
R08=00000000 R09=00000000 R10=00000000 R11=00000000
R12=00000000 R13=00011ff4 R14=000100c8 R15=000102f8
PSR=800001d3 N--- A svc32
----------------
IN: 
0x000102f8:  ca00000b      bgt	0x1032c

R00=00010980 R01=00010980 R02=00000032 R03=00000000
R04=00010981 R05=0001098c R06=00000000 R07=00000000
R08=00000000 R09=00000000 R10=00000000 R11=00000000
R12=00000000 R13=00011ff4 R14=000100c8 R15=000102fc
PSR=800001d3 N--- A svc32
----------------
IN: 
0x000102fc:  e5d12000      ldrb	r2, [r1]

R00=00010980 R01=00010980 R02=00000032 R03=00000000
R04=00010981 R05=0001098c R06=00000000 R07=00000000
R08=00000000 R09=00000000 R10=00000000 R11=00000000
R12=00000000 R13=00011ff4 R14=000100c8 R15=00010300
PSR=800001d3 N--- A svc32
----------------
IN: 
0x00010300:  e3520000      cmp	r2, #0	; 0x0

R00=00010980 R01=00010980 R02=00000032 R03=00000000
R04=00010981 R05=0001098c R06=00000000 R07=00000000
R08=00000000 R09=00000000 R10=00000000 R11=00000000
R12=00000000 R13=00011ff4 R14=000100c8 R15=00010304
PSR=200001d3 --C- A svc32
----------------
IN: 
0x00010304:  0a000007      beq	0x10328

R00=00010980 R01=00010980 R02=00000032 R03=00000000
R04=00010981 R05=0001098c R06=00000000 R07=00000000
R08=00000000 R09=00000000 R10=00000000 R11=00000000
R12=00000000 R13=00011ff4 R14=000100c8 R15=00010308
PSR=200001d3 --C- A svc32
----------------
IN: 
0x00010308:  e3520030      cmp	r2, #48	; 0x30

R00=00010980 R01=00010980 R02=00000032 R03=00000000
R04=00010981 R05=0001098c R06=00000000 R07=00000000
R08=00000000 R09=00000000 R10=00000000 R11=00000000
R12=00000000 R13=00011ff4 R14=000100c8 R15=0001030c
PSR=200001d3 --C- A svc32
----------------
IN: 
0x0001030c:  b3a00000      movlt	r0, #0	; 0x0

R00=00010980 R01=00010980 R02=00000032 R03=00000000
R04=00010981 R05=0001098c R06=00000000 R07=00000000
R08=00000000 R09=00000000 R10=00000000 R11=00000000
R12=00000000 R13=00011ff4 R14=000100c8 R15=00010310
PSR=200001d3 --C- A svc32
----------------
IN: 
0x00010310:  ba000005      blt	0x1032c

R00=00010980 R01=00010980 R02=00000032 R03=00000000
R04=00010981 R05=0001098c R06=00000000 R07=00000000
R08=00000000 R09=00000000 R10=00000000 R11=00000000
R12=00000000 R13=00011ff4 R14=000100c8 R15=00010314
PSR=200001d3 --C- A svc32
----------------
IN: 
0x00010314:  e3520039      cmp	r2, #57	; 0x39

R00=00010980 R01=00010980 R02=00000032 R03=00000000
R04=00010981 R05=0001098c R06=00000000 R07=00000000
R08=00000000 R09=00000000 R10=00000000 R11=00000000
R12=00000000 R13=00011ff4 R14=000100c8 R15=00010318
PSR=800001d3 N--- A svc32
----------------
IN: 
0x00010318:  c3a00000      movgt	r0, #0	; 0x0

R00=00010980 R01=00010980 R02=00000032 R03=00000000
R04=00010981 R05=0001098c R06=00000000 R07=00000000
R08=00000000 R09=00000000 R10=00000000 R11=00000000
R12=00000000 R13=00011ff4 R14=000100c8 R15=0001031c
PSR=800001d3 N--- A svc32
----------------
IN: 
0x0001031c:  ca000002      bgt	0x1032c

R00=00010980 R01=00010980 R02=00000032 R03=00000000
R04=00010981 R05=0001098c R06=00000000 R07=00000000
R08=00000000 R09=00000000 R10=00000000 R11=00000000
R12=00000000 R13=00011ff4 R14=000100c8 R15=00010320
PSR=800001d3 N--- A svc32
----------------
IN: 
0x00010320:  e2811001      add	r1, r1, #1	; 0x1

R00=00010980 R01=00010981 R02=00000032 R03=00000000
R04=00010981 R05=0001098c R06=00000000 R07=00000000
R08=00000000 R09=00000000 R10=00000000 R11=00000000
R12=00000000 R13=00011ff4 R14=000100c8 R15=00010324
PSR=800001d3 N--- A svc32
----------------
IN: 
0x00010324:  eafffff4      b	0x102fc

R00=00010980 R01=00010981 R02=00000032 R03=00000000
R04=00010981 R05=0001098c R06=00000000 R07=00000000
R08=00000000 R09=00000000 R10=00000000 R11=00000000
R12=00000000 R13=00011ff4 R14=000100c8 R15=000102fc
PSR=800001d3 N--- A svc32
R00=00010980 R01=00010981 R02=00000000 R03=00000000
R04=00010981 R05=0001098c R06=00000000 R07=00000000
R08=00000000 R09=00000000 R10=00000000 R11=00000000
R12=00000000 R13=00011ff4 R14=000100c8 R15=00010328
PSR=600001d3 -ZC- A svc32
----------------
IN: 
0x00010328:  e3a00001      mov	r0, #1	; 0x1

R00=00000001 R01=00010981 R02=00000000 R03=00000000
R04=00010981 R05=0001098c R06=00000000 R07=00000000
R08=00000000 R09=00000000 R10=00000000 R11=00000000
R12=00000000 R13=00011ff4 R14=000100c8 R15=0001032c
PSR=600001d3 -ZC- A svc32
----------------
IN: 
0x0001032c:  e8bd4006      pop	{r1, r2, lr}

R00=00000001 R01=00000000 R02=0000000d R03=00000000
R04=00010981 R05=0001098c R06=00000000 R07=00000000
R08=00000000 R09=00000000 R10=00000000 R11=00000000
R12=00000000 R13=00012000 R14=000100c8 R15=00010330
PSR=600001d3 -ZC- A svc32
----------------
IN: 
0x00010330:  e12fff1e      bx	lr

R00=00000001 R01=00000000 R02=0000000d R03=00000000
R04=00010981 R05=0001098c R06=00000000 R07=00000000
R08=00000000 R09=00000000 R10=00000000 R11=00000000
R12=00000000 R13=00012000 R14=000100c8 R15=000100c8
PSR=600001d3 -ZC- A svc32
----------------
IN: 
0x000100c8:  e3500001      cmp	r0, #1	; 0x1

R00=00000001 R01=00000000 R02=0000000d R03=00000000
R04=00010981 R05=0001098c R06=00000000 R07=00000000
R08=00000000 R09=00000000 R10=00000000 R11=00000000
R12=00000000 R13=00012000 R14=000100c8 R15=000100cc
PSR=600001d3 -ZC- A svc32
----------------
IN: 
0x000100cc:  1a00001f      bne	0x10150

R00=00000001 R01=00000000 R02=0000000d R03=00000000
R04=00010981 R05=0001098c R06=00000000 R07=00000000
R08=00000000 R09=00000000 R10=00000000 R11=00000000
R12=00000000 R13=00012000 R14=000100c8 R15=000100d0
PSR=600001d3 -ZC- A svc32
----------------
IN: 
0x000100d0:  e3560000      cmp	r6, #0	; 0x0

R00=00000001 R01=00000000 R02=0000000d R03=00000000
R04=00010981 R05=0001098c R06=00000000 R07=00000000
R08=00000000 R09=00000000 R10=00000000 R11=00000000
R12=00000000 R13=00012000 R14=000100c8 R15=000100d4
PSR=600001d3 -ZC- A svc32
----------------
IN: 
0x000100d4:  03a06001      moveq	r6, #1	; 0x1

R00=00000001 R01=00000000 R02=0000000d R03=00000000
R04=00010981 R05=0001098c R06=00000001 R07=00000000
R08=00000000 R09=00000000 R10=00000000 R11=00000000
R12=00000000 R13=00012000 R14=000100c8 R15=000100d8
PSR=600001d3 -ZC- A svc32
----------------
IN: 
0x000100d8:  059f0570      ldreq	r0, [pc, #1392]	; 0x10650

R00=00010980 R01=00000000 R02=0000000d R03=00000000
R04=00010981 R05=0001098c R06=00000001 R07=00000000
R08=00000000 R09=00000000 R10=00000000 R11=00000000
R12=00000000 R13=00012000 R14=000100c8 R15=000100dc
PSR=600001d3 -ZC- A svc32
----------------
IN: 
0x000100dc:  0b0001b9      bleq	0x107c8

R00=00010980 R01=00000000 R02=0000000d R03=00000000
R04=00010981 R05=0001098c R06=00000001 R07=00000000
R08=00000000 R09=00000000 R10=00000000 R11=00000000
R12=00000000 R13=00012000 R14=000100e0 R15=000107c8
PSR=600001d3 -ZC- A svc32
----------------
IN: 
0x000107c8:  e52db004      push	{fp}		; (str fp, [sp, #-4]!)

R00=00010980 R01=00000000 R02=0000000d R03=00000000
R04=00010981 R05=0001098c R06=00000001 R07=00000000
R08=00000000 R09=00000000 R10=00000000 R11=00000000
R12=00000000 R13=00011ffc R14=000100e0 R15=000107cc
PSR=600001d3 -ZC- A svc32
----------------
IN: 
0x000107cc:  e28db000      add	fp, sp, #0	; 0x0

R00=00010980 R01=00000000 R02=0000000d R03=00000000
R04=00010981 R05=0001098c R06=00000001 R07=00000000
R08=00000000 R09=00000000 R10=00000000 R11=00011ffc
R12=00000000 R13=00011ffc R14=000100e0 R15=000107d0
PSR=600001d3 -ZC- A svc32
----------------
IN: 
0x000107d0:  e24dd01c      sub	sp, sp, #28	; 0x1c

R00=00010980 R01=00000000 R02=0000000d R03=00000000
R04=00010981 R05=0001098c R06=00000001 R07=00000000
R08=00000000 R09=00000000 R10=00000000 R11=00011ffc
R12=00000000 R13=00011fe0 R14=000100e0 R15=000107d4
PSR=600001d3 -ZC- A svc32
----------------
IN: 
0x000107d4:  e50b0018      str	r0, [fp, #-24]

R00=00010980 R01=00000000 R02=0000000d R03=00000000
R04=00010981 R05=0001098c R06=00000001 R07=00000000
R08=00000000 R09=00000000 R10=00000000 R11=00011ffc
R12=00000000 R13=00011fe0 R14=000100e0 R15=000107d8
PSR=600001d3 -ZC- A svc32
----------------
IN: 
0x000107d8:  e3a03000      mov	r3, #0	; 0x0

R00=00010980 R01=00000000 R02=0000000d R03=00000000
R04=00010981 R05=0001098c R06=00000001 R07=00000000
R08=00000000 R09=00000000 R10=00000000 R11=00011ffc
R12=00000000 R13=00011fe0 R14=000100e0 R15=000107dc
PSR=600001d3 -ZC- A svc32
----------------
IN: 
0x000107dc:  e50b3008      str	r3, [fp, #-8]

R00=00010980 R01=00000000 R02=0000000d R03=00000000
R04=00010981 R05=0001098c R06=00000001 R07=00000000
R08=00000000 R09=00000000 R10=00000000 R11=00011ffc
R12=00000000 R13=00011fe0 R14=000100e0 R15=000107e0
PSR=600001d3 -ZC- A svc32
----------------
IN: 
0x000107e0:  e3a03001      mov	r3, #1	; 0x1

R00=00010980 R01=00000000 R02=0000000d R03=00000001
R04=00010981 R05=0001098c R06=00000001 R07=00000000
R08=00000000 R09=00000000 R10=00000000 R11=00011ffc
R12=00000000 R13=00011fe0 R14=000100e0 R15=000107e4
PSR=600001d3 -ZC- A svc32
----------------
IN: 
0x000107e4:  e50b300c      str	r3, [fp, #-12]

R00=00010980 R01=00000000 R02=0000000d R03=00000001
R04=00010981 R05=0001098c R06=00000001 R07=00000000
R08=00000000 R09=00000000 R10=00000000 R11=00011ffc
R12=00000000 R13=00011fe0 R14=000100e0 R15=000107e8
PSR=600001d3 -ZC- A svc32
----------------
IN: 
0x000107e8:  e3a03000      mov	r3, #0	; 0x0

R00=00010980 R01=00000000 R02=0000000d R03=00000000
R04=00010981 R05=0001098c R06=00000001 R07=00000000
R08=00000000 R09=00000000 R10=00000000 R11=00011ffc
R12=00000000 R13=00011fe0 R14=000100e0 R15=000107ec
PSR=600001d3 -ZC- A svc32
----------------
IN: 
0x000107ec:  e50b3010      str	r3, [fp, #-16]

R00=00010980 R01=00000000 R02=0000000d R03=00000000
R04=00010981 R05=0001098c R06=00000001 R07=00000000
R08=00000000 R09=00000000 R10=00000000 R11=00011ffc
R12=00000000 R13=00011fe0 R14=000100e0 R15=000107f0
PSR=600001d3 -ZC- A svc32
----------------
IN: 
0x000107f0:  e51b3018      ldr	r3, [fp, #-24]

R00=00010980 R01=00000000 R02=0000000d R03=00010980
R04=00010981 R05=0001098c R06=00000001 R07=00000000
R08=00000000 R09=00000000 R10=00000000 R11=00011ffc
R12=00000000 R13=00011fe0 R14=000100e0 R15=000107f4
PSR=600001d3 -ZC- A svc32
----------------
IN: 
0x000107f4:  e5d33000      ldrb	r3, [r3]

R00=00010980 R01=00000000 R02=0000000d R03=00000032
R04=00010981 R05=0001098c R06=00000001 R07=00000000
R08=00000000 R09=00000000 R10=00000000 R11=00011ffc
R12=00000000 R13=00011fe0 R14=000100e0 R15=000107f8
PSR=600001d3 -ZC- A svc32
----------------
IN: 
0x000107f8:  e353002d      cmp	r3, #45	; 0x2d

R00=00010980 R01=00000000 R02=0000000d R03=00000032
R04=00010981 R05=0001098c R06=00000001 R07=00000000
R08=00000000 R09=00000000 R10=00000000 R11=00011ffc
R12=00000000 R13=00011fe0 R14=000100e0 R15=000107fc
PSR=200001d3 --C- A svc32
----------------
IN: 
0x000107fc:  1a000016      bne	0x1085c

R00=00010980 R01=00000000 R02=0000000d R03=00000032
R04=00010981 R05=0001098c R06=00000001 R07=00000000
R08=00000000 R09=00000000 R10=00000000 R11=00011ffc
R12=00000000 R13=00011fe0 R14=000100e0 R15=0001085c
PSR=200001d3 --C- A svc32
----------------
IN: 
0x0001085c:  e1a00000      nop			(mov r0,r0)

R00=00010980 R01=00000000 R02=0000000d R03=00000032
R04=00010981 R05=0001098c R06=00000001 R07=00000000
R08=00000000 R09=00000000 R10=00000000 R11=00011ffc
R12=00000000 R13=00011fe0 R14=000100e0 R15=00010860
PSR=200001d3 --C- A svc32
----------------
IN: 
0x00010860:  e51b3010      ldr	r3, [fp, #-16]

R00=00010980 R01=00000000 R02=0000000d R03=00000000
R04=00010981 R05=0001098c R06=00000001 R07=00000000
R08=00000000 R09=00000000 R10=00000000 R11=00011ffc
R12=00000000 R13=00011fe0 R14=000100e0 R15=00010864
PSR=200001d3 --C- A svc32
----------------
IN: 
0x00010864:  e51b2018      ldr	r2, [fp, #-24]

R00=00010980 R01=00000000 R02=00010980 R03=00000000
R04=00010981 R05=0001098c R06=00000001 R07=00000000
R08=00000000 R09=00000000 R10=00000000 R11=00011ffc
R12=00000000 R13=00011fe0 R14=000100e0 R15=00010868
PSR=200001d3 --C- A svc32
----------------
IN: 
0x00010868:  e0823003      add	r3, r2, r3

R00=00010980 R01=00000000 R02=00010980 R03=00010980
R04=00010981 R05=0001098c R06=00000001 R07=00000000
R08=00000000 R09=00000000 R10=00000000 R11=00011ffc
R12=00000000 R13=00011fe0 R14=000100e0 R15=0001086c
PSR=200001d3 --C- A svc32
----------------
IN: 
0x0001086c:  e5d33000      ldrb	r3, [r3]

R00=00010980 R01=00000000 R02=00010980 R03=00000032
R04=00010981 R05=0001098c R06=00000001 R07=00000000
R08=00000000 R09=00000000 R10=00000000 R11=00011ffc
R12=00000000 R13=00011fe0 R14=000100e0 R15=00010870
PSR=200001d3 --C- A svc32
----------------
IN: 
0x00010870:  e3530000      cmp	r3, #0	; 0x0

R00=00010980 R01=00000000 R02=00010980 R03=00000032
R04=00010981 R05=0001098c R06=00000001 R07=00000000
R08=00000000 R09=00000000 R10=00000000 R11=00011ffc
R12=00000000 R13=00011fe0 R14=000100e0 R15=00010874
PSR=200001d3 --C- A svc32
----------------
IN: 
0x00010874:  1affffe7      bne	0x10818

R00=00010980 R01=00000000 R02=00010980 R03=00000032
R04=00010981 R05=0001098c R06=00000001 R07=00000000
R08=00000000 R09=00000000 R10=00000000 R11=00011ffc
R12=00000000 R13=00011fe0 R14=000100e0 R15=00010818
PSR=200001d3 --C- A svc32
----------------
IN: 
0x00010818:  e51b2008      ldr	r2, [fp, #-8]

R00=00010980 R01=00000000 R02=00000000 R03=00000032
R04=00010981 R05=0001098c R06=00000001 R07=00000000
R08=00000000 R09=00000000 R10=00000000 R11=00011ffc
R12=00000000 R13=00011fe0 R14=000100e0 R15=0001081c
PSR=200001d3 --C- A svc32
----------------
IN: 
0x0001081c:  e1a03002      mov	r3, r2

R00=00010980 R01=00000000 R02=00000000 R03=00000000
R04=00010981 R05=0001098c R06=00000001 R07=00000000
R08=00000000 R09=00000000 R10=00000000 R11=00011ffc
R12=00000000 R13=00011fe0 R14=000100e0 R15=00010820
PSR=200001d3 --C- A svc32
----------------
IN: 
0x00010820:  e1a03103      lsl	r3, r3, #2

R00=00010980 R01=00000000 R02=00000000 R03=00000000
R04=00010981 R05=0001098c R06=00000001 R07=00000000
R08=00000000 R09=00000000 R10=00000000 R11=00011ffc
R12=00000000 R13=00011fe0 R14=000100e0 R15=00010824
PSR=200001d3 --C- A svc32
----------------
IN: 
0x00010824:  e0833002      add	r3, r3, r2

R00=00010980 R01=00000000 R02=00000000 R03=00000000
R04=00010981 R05=0001098c R06=00000001 R07=00000000
R08=00000000 R09=00000000 R10=00000000 R11=00011ffc
R12=00000000 R13=00011fe0 R14=000100e0 R15=00010828
PSR=200001d3 --C- A svc32
----------------
IN: 
0x00010828:  e1a03083      lsl	r3, r3, #1

R00=00010980 R01=00000000 R02=00000000 R03=00000000
R04=00010981 R05=0001098c R06=00000001 R07=00000000
R08=00000000 R09=00000000 R10=00000000 R11=00011ffc
R12=00000000 R13=00011fe0 R14=000100e0 R15=0001082c
PSR=200001d3 --C- A svc32
----------------
IN: 
0x0001082c:  e1a02003      mov	r2, r3

R00=00010980 R01=00000000 R02=00000000 R03=00000000
R04=00010981 R05=0001098c R06=00000001 R07=00000000
R08=00000000 R09=00000000 R10=00000000 R11=00011ffc
R12=00000000 R13=00011fe0 R14=000100e0 R15=00010830
PSR=200001d3 --C- A svc32
----------------
IN: 
0x00010830:  e51b3010      ldr	r3, [fp, #-16]

R00=00010980 R01=00000000 R02=00000000 R03=00000000
R04=00010981 R05=0001098c R06=00000001 R07=00000000
R08=00000000 R09=00000000 R10=00000000 R11=00011ffc
R12=00000000 R13=00011fe0 R14=000100e0 R15=00010834
PSR=200001d3 --C- A svc32
----------------
IN: 
0x00010834:  e51b1018      ldr	r1, [fp, #-24]

R00=00010980 R01=00010980 R02=00000000 R03=00000000
R04=00010981 R05=0001098c R06=00000001 R07=00000000
R08=00000000 R09=00000000 R10=00000000 R11=00011ffc
R12=00000000 R13=00011fe0 R14=000100e0 R15=00010838
PSR=200001d3 --C- A svc32
----------------
IN: 
0x00010838:  e0813003      add	r3, r1, r3

R00=00010980 R01=00010980 R02=00000000 R03=00010980
R04=00010981 R05=0001098c R06=00000001 R07=00000000
R08=00000000 R09=00000000 R10=00000000 R11=00011ffc
R12=00000000 R13=00011fe0 R14=000100e0 R15=0001083c
PSR=200001d3 --C- A svc32
----------------
IN: 
0x0001083c:  e5d33000      ldrb	r3, [r3]

R00=00010980 R01=00010980 R02=00000000 R03=00000032
R04=00010981 R05=0001098c R06=00000001 R07=00000000
R08=00000000 R09=00000000 R10=00000000 R11=00011ffc
R12=00000000 R13=00011fe0 R14=000100e0 R15=00010840
PSR=200001d3 --C- A svc32
----------------
IN: 
0x00010840:  e0823003      add	r3, r2, r3

R00=00010980 R01=00010980 R02=00000000 R03=00000032
R04=00010981 R05=0001098c R06=00000001 R07=00000000
R08=00000000 R09=00000000 R10=00000000 R11=00011ffc
R12=00000000 R13=00011fe0 R14=000100e0 R15=00010844
PSR=200001d3 --C- A svc32
----------------
IN: 
0x00010844:  e2433030      sub	r3, r3, #48	; 0x30

R00=00010980 R01=00010980 R02=00000000 R03=00000002
R04=00010981 R05=0001098c R06=00000001 R07=00000000
R08=00000000 R09=00000000 R10=00000000 R11=00011ffc
R12=00000000 R13=00011fe0 R14=000100e0 R15=00010848
PSR=200001d3 --C- A svc32
----------------
IN: 
0x00010848:  e50b3008      str	r3, [fp, #-8]

R00=00010980 R01=00010980 R02=00000000 R03=00000002
R04=00010981 R05=0001098c R06=00000001 R07=00000000
R08=00000000 R09=00000000 R10=00000000 R11=00011ffc
R12=00000000 R13=00011fe0 R14=000100e0 R15=0001084c
PSR=200001d3 --C- A svc32
----------------
IN: 
0x0001084c:  e51b3010      ldr	r3, [fp, #-16]

R00=00010980 R01=00010980 R02=00000000 R03=00000000
R04=00010981 R05=0001098c R06=00000001 R07=00000000
R08=00000000 R09=00000000 R10=00000000 R11=00011ffc
R12=00000000 R13=00011fe0 R14=000100e0 R15=00010850
PSR=200001d3 --C- A svc32
----------------
IN: 
0x00010850:  e2833001      add	r3, r3, #1	; 0x1

R00=00010980 R01=00010980 R02=00000000 R03=00000001
R04=00010981 R05=0001098c R06=00000001 R07=00000000
R08=00000000 R09=00000000 R10=00000000 R11=00011ffc
R12=00000000 R13=00011fe0 R14=000100e0 R15=00010854
PSR=200001d3 --C- A svc32
----------------
IN: 
0x00010854:  e50b3010      str	r3, [fp, #-16]

R00=00010980 R01=00010980 R02=00000000 R03=00000001
R04=00010981 R05=0001098c R06=00000001 R07=00000000
R08=00000000 R09=00000000 R10=00000000 R11=00011ffc
R12=00000000 R13=00011fe0 R14=000100e0 R15=00010858
PSR=200001d3 --C- A svc32
----------------
IN: 
0x00010858:  ea000000      b	0x10860

R00=00010980 R01=00010980 R02=00000000 R03=00000001
R04=00010981 R05=0001098c R06=00000001 R07=00000000
R08=00000000 R09=00000000 R10=00000000 R11=00011ffc
R12=00000000 R13=00011fe0 R14=000100e0 R15=00010860
PSR=200001d3 --C- A svc32
R00=00010980 R01=00010980 R02=00010980 R03=00000000
R04=00010981 R05=0001098c R06=00000001 R07=00000000
R08=00000000 R09=00000000 R10=00000000 R11=00011ffc
R12=00000000 R13=00011fe0 R14=000100e0 R15=00010878
PSR=600001d3 -ZC- A svc32
----------------
IN: 
0x00010878:  e51b300c      ldr	r3, [fp, #-12]

R00=00010980 R01=00010980 R02=00010980 R03=00000001
R04=00010981 R05=0001098c R06=00000001 R07=00000000
R08=00000000 R09=00000000 R10=00000000 R11=00011ffc
R12=00000000 R13=00011fe0 R14=000100e0 R15=0001087c
PSR=600001d3 -ZC- A svc32
----------------
IN: 
0x0001087c:  e51b2008      ldr	r2, [fp, #-8]

R00=00010980 R01=00010980 R02=00000002 R03=00000001
R04=00010981 R05=0001098c R06=00000001 R07=00000000
R08=00000000 R09=00000000 R10=00000000 R11=00011ffc
R12=00000000 R13=00011fe0 R14=000100e0 R15=00010880
PSR=600001d3 -ZC- A svc32
----------------
IN: 
0x00010880:  e0030392      mul	r3, r2, r3

R00=00010980 R01=00010980 R02=00000002 R03=00000002
R04=00010981 R05=0001098c R06=00000001 R07=00000000
R08=00000000 R09=00000000 R10=00000000 R11=00011ffc
R12=00000000 R13=00011fe0 R14=000100e0 R15=00010884
PSR=600001d3 -ZC- A svc32
----------------
IN: 
0x00010884:  e1a00003      mov	r0, r3

R00=00000002 R01=00010980 R02=00000002 R03=00000002
R04=00010981 R05=0001098c R06=00000001 R07=00000000
R08=00000000 R09=00000000 R10=00000000 R11=00011ffc
R12=00000000 R13=00011fe0 R14=000100e0 R15=00010888
PSR=600001d3 -ZC- A svc32
----------------
IN: 
0x00010888:  e28bd000      add	sp, fp, #0	; 0x0

R00=00000002 R01=00010980 R02=00000002 R03=00000002
R04=00010981 R05=0001098c R06=00000001 R07=00000000
R08=00000000 R09=00000000 R10=00000000 R11=00011ffc
R12=00000000 R13=00011ffc R14=000100e0 R15=0001088c
PSR=600001d3 -ZC- A svc32
----------------
IN: 
0x0001088c:  e8bd0800      pop	{fp}

R00=00000002 R01=00010980 R02=00000002 R03=00000002
R04=00010981 R05=0001098c R06=00000001 R07=00000000
R08=00000000 R09=00000000 R10=00000000 R11=00000000
R12=00000000 R13=00012000 R14=000100e0 R15=00010890
PSR=600001d3 -ZC- A svc32
----------------
IN: 
0x00010890:  e12fff1e      bx	lr

R00=00000002 R01=00010980 R02=00000002 R03=00000002
R04=00010981 R05=0001098c R06=00000001 R07=00000000
R08=00000000 R09=00000000 R10=00000000 R11=00000000
R12=00000000 R13=00012000 R14=000100e0 R15=000100e0
PSR=600001d3 -ZC- A svc32
----------------
IN: 
0x000100e0:  059f1574      ldreq	r1, [pc, #1396]	; 0x1065c

R00=00000002 R01=00010974 R02=00000002 R03=00000002
R04=00010981 R05=0001098c R06=00000001 R07=00000000
R08=00000000 R09=00000000 R10=00000000 R11=00000000
R12=00000000 R13=00012000 R14=000100e0 R15=000100e4
PSR=600001d3 -ZC- A svc32
----------------
IN: 
0x000100e4:  05810000      streq	r0, [r1]

R00=00000002 R01=00010974 R02=00000002 R03=00000002
R04=00010981 R05=0001098c R06=00000001 R07=00000000
R08=00000000 R09=00000000 R10=00000000 R11=00000000
R12=00000000 R13=00012000 R14=000100e0 R15=000100e8
PSR=600001d3 -ZC- A svc32
----------------
IN: 
0x000100e8:  0affffc9      beq	0x10014

R00=00000002 R01=00010974 R02=00000002 R03=00000002
R04=00010981 R05=0001098c R06=00000001 R07=00000000
R08=00000000 R09=00000000 R10=00000000 R11=00000000
R12=00000000 R13=00012000 R14=000100e0 R15=00010014
PSR=600001d3 -ZC- A svc32
R00=101f1000 R01=00010974 R02=00000002 R03=00000002
R04=00010981 R05=0001098c R06=00000001 R07=00000000
R08=00000000 R09=00000000 R10=00000000 R11=00000000
R12=00000000 R13=00012000 R14=000100e0 R15=00010024
PSR=200001d3 --C- A svc32
----------------
IN: 
0x00010024:  e3560001      cmp	r6, #1	; 0x1

R00=101f1000 R01=00010974 R02=00000002 R03=00000002
R04=00010981 R05=0001098c R06=00000001 R07=00000000
R08=00000000 R09=00000000 R10=00000000 R11=00000000
R12=00000000 R13=00012000 R14=000100e0 R15=00010028
PSR=600001d3 -ZC- A svc32
----------------
IN: 
0x00010028:  059f1618      ldreq	r1, [pc, #1560]	; 0x10648

R00=101f1000 R01=000108d4 R02=00000002 R03=00000002
R04=00010981 R05=0001098c R06=00000001 R07=00000000
R08=00000000 R09=00000000 R10=00000000 R11=00000000
R12=00000000 R13=00012000 R14=000100e0 R15=0001002c
PSR=600001d3 -ZC- A svc32
----------------
IN: 
0x0001002c:  0a000004      beq	0x10044

R00=101f1000 R01=000108d4 R02=00000002 R03=00000002
R04=00010981 R05=0001098c R06=00000001 R07=00000000
R08=00000000 R09=00000000 R10=00000000 R11=00000000
R12=00000000 R13=00012000 R14=000100e0 R15=00010044
PSR=600001d3 -ZC- A svc32
R00=101f1000 R01=000108d4 R02=00000002 R03=00000002
R04=00010981 R05=0001098c R06=00000001 R07=00000000
R08=00000000 R09=00000000 R10=00000000 R11=00000000
R12=00000000 R13=00012000 R14=00010048 R15=00010048
PSR=600001d3 -ZC- A svc32
R00=101f1000 R01=0000000d R02=0000000d R03=00000000
R04=00010981 R05=0001098c R06=00000001 R07=00000000
R08=00000000 R09=00000000 R10=00000000 R11=00000000
R12=00000000 R13=00012000 R14=000100b8 R15=000100b8
PSR=800001d3 N--- A svc32
R00=101f1000 R01=0000000d R02=0000000d R03=00000000
R04=00010981 R05=0001098c R06=00000001 R07=00000000
R08=00000000 R09=00000000 R10=00000000 R11=00000000
R12=00000000 R13=00012000 R14=000100b8 R15=000100b8
PSR=800001d3 N--- A svc32
R00=00000000 R01=00010980 R02=0000002b R03=00000000
R04=00010981 R05=0001098c R06=00000001 R07=00000000
R08=00000000 R09=00000000 R10=00000000 R11=00000000
R12=00000000 R13=00011ff4 R14=000100c8 R15=0001032c
PSR=800001d3 N--- A svc32
R00=00000000 R01=00000000 R02=0000000d R03=00000000
R04=00010981 R05=0001098c R06=00000001 R07=00000000
R08=00000000 R09=00000000 R10=00000000 R11=00000000
R12=00000000 R13=00012000 R14=000100c8 R15=000100c8
PSR=800001d3 N--- A svc32
R00=00000000 R01=00000000 R02=0000000d R03=00000000
R04=00010981 R05=0001098c R06=00000001 R07=00000000
R08=00000000 R09=00000000 R10=00000000 R11=00000000
R12=00000000 R13=00012000 R14=000100c8 R15=00010150
PSR=800001d3 N--- A svc32
----------------
IN: 
0x00010150:  e59f04f8      ldr	r0, [pc, #1272]	; 0x10650

R00=00010980 R01=00000000 R02=0000000d R03=00000000
R04=00010981 R05=0001098c R06=00000001 R07=00000000
R08=00000000 R09=00000000 R10=00000000 R11=00000000
R12=00000000 R13=00012000 R14=000100c8 R15=00010154
PSR=800001d3 N--- A svc32
----------------
IN: 
0x00010154:  e3560000      cmp	r6, #0	; 0x0

R00=00010980 R01=00000000 R02=0000000d R03=00000000
R04=00010981 R05=0001098c R06=00000001 R07=00000000
R08=00000000 R09=00000000 R10=00000000 R11=00000000
R12=00000000 R13=00012000 R14=000100c8 R15=00010158
PSR=200001d3 --C- A svc32
----------------
IN: 
0x00010158:  0a000004      beq	0x10170

R00=00010980 R01=00000000 R02=0000000d R03=00000000
R04=00010981 R05=0001098c R06=00000001 R07=00000000
R08=00000000 R09=00000000 R10=00000000 R11=00000000
R12=00000000 R13=00012000 R14=000100c8 R15=0001015c
PSR=200001d3 --C- A svc32
----------------
IN: 
0x0001015c:  e3560001      cmp	r6, #1	; 0x1

R00=00010980 R01=00000000 R02=0000000d R03=00000000
R04=00010981 R05=0001098c R06=00000001 R07=00000000
R08=00000000 R09=00000000 R10=00000000 R11=00000000
R12=00000000 R13=00012000 R14=000100c8 R15=00010160
PSR=600001d3 -ZC- A svc32
----------------
IN: 
0x00010160:  0a00000c      beq	0x10198

R00=00010980 R01=00000000 R02=0000000d R03=00000000
R04=00010981 R05=0001098c R06=00000001 R07=00000000
R08=00000000 R09=00000000 R10=00000000 R11=00000000
R12=00000000 R13=00012000 R14=000100c8 R15=00010198
PSR=600001d3 -ZC- A svc32
----------------
IN: 
0x00010198:  eb00002e      bl	0x10258

R00=00010980 R01=00000000 R02=0000000d R03=00000000
R04=00010981 R05=0001098c R06=00000001 R07=00000000
R08=00000000 R09=00000000 R10=00000000 R11=00000000
R12=00000000 R13=00012000 R14=0001019c R15=00010258
PSR=600001d3 -ZC- A svc32
----------------
IN: 
0x00010258:  e92d4006      push	{r1, r2, lr}

R00=00010980 R01=00000000 R02=0000000d R03=00000000
R04=00010981 R05=0001098c R06=00000001 R07=00000000
R08=00000000 R09=00000000 R10=00000000 R11=00000000
R12=00000000 R13=00011ff4 R14=0001019c R15=0001025c
PSR=600001d3 -ZC- A svc32
----------------
IN: 
0x0001025c:  e1a01000      mov	r1, r0

R00=00010980 R01=00010980 R02=0000000d R03=00000000
R04=00010981 R05=0001098c R06=00000001 R07=00000000
R08=00000000 R09=00000000 R10=00000000 R11=00000000
R12=00000000 R13=00011ff4 R14=0001019c R15=00010260
PSR=600001d3 -ZC- A svc32
----------------
IN: 
0x00010260:  e5d12000      ldrb	r2, [r1]

R00=00010980 R01=00010980 R02=0000002b R03=00000000
R04=00010981 R05=0001098c R06=00000001 R07=00000000
R08=00000000 R09=00000000 R10=00000000 R11=00000000
R12=00000000 R13=00011ff4 R14=0001019c R15=00010264
PSR=600001d3 -ZC- A svc32
----------------
IN: 
0x00010264:  e352002b      cmp	r2, #43	; 0x2b

R00=00010980 R01=00010980 R02=0000002b R03=00000000
R04=00010981 R05=0001098c R06=00000001 R07=00000000
R08=00000000 R09=00000000 R10=00000000 R11=00000000
R12=00000000 R13=00011ff4 R14=0001019c R15=00010268
PSR=600001d3 -ZC- A svc32
----------------
IN: 
0x00010268:  05d12001      ldrbeq	r2, [r1, #1]

R00=00010980 R01=00010980 R02=00000000 R03=00000000
R04=00010981 R05=0001098c R06=00000001 R07=00000000
R08=00000000 R09=00000000 R10=00000000 R11=00000000
R12=00000000 R13=00011ff4 R14=0001019c R15=0001026c
PSR=600001d3 -ZC- A svc32
----------------
IN: 
0x0001026c:  03520000      cmpeq	r2, #0	; 0x0

R00=00010980 R01=00010980 R02=00000000 R03=00000000
R04=00010981 R05=0001098c R06=00000001 R07=00000000
R08=00000000 R09=00000000 R10=00000000 R11=00000000
R12=00000000 R13=00011ff4 R14=0001019c R15=00010270
PSR=600001d3 -ZC- A svc32
----------------
IN: 
0x00010270:  0a00000d      beq	0x102ac

R00=00010980 R01=00010980 R02=00000000 R03=00000000
R04=00010981 R05=0001098c R06=00000001 R07=00000000
R08=00000000 R09=00000000 R10=00000000 R11=00000000
R12=00000000 R13=00011ff4 R14=0001019c R15=000102ac
PSR=600001d3 -ZC- A svc32
----------------
IN: 
0x000102ac:  e3a00001      mov	r0, #1	; 0x1

R00=00000001 R01=00010980 R02=00000000 R03=00000000
R04=00010981 R05=0001098c R06=00000001 R07=00000000
R08=00000000 R09=00000000 R10=00000000 R11=00000000
R12=00000000 R13=00011ff4 R14=0001019c R15=000102b0
PSR=600001d3 -ZC- A svc32
----------------
IN: 
0x000102b0:  e8bd4006      pop	{r1, r2, lr}

R00=00000001 R01=00000000 R02=0000000d R03=00000000
R04=00010981 R05=0001098c R06=00000001 R07=00000000
R08=00000000 R09=00000000 R10=00000000 R11=00000000
R12=00000000 R13=00012000 R14=0001019c R15=000102b4
PSR=600001d3 -ZC- A svc32
----------------
IN: 
0x000102b4:  e12fff1e      bx	lr

R00=00000001 R01=00000000 R02=0000000d R03=00000000
R04=00010981 R05=0001098c R06=00000001 R07=00000000
R08=00000000 R09=00000000 R10=00000000 R11=00000000
R12=00000000 R13=00012000 R14=0001019c R15=0001019c
PSR=600001d3 -ZC- A svc32
----------------
IN: 
0x0001019c:  e3500001      cmp	r0, #1	; 0x1

R00=00000001 R01=00000000 R02=0000000d R03=00000000
R04=00010981 R05=0001098c R06=00000001 R07=00000000
R08=00000000 R09=00000000 R10=00000000 R11=00000000
R12=00000000 R13=00012000 R14=0001019c R15=000101a0
PSR=600001d3 -ZC- A svc32
----------------
IN: 
0x000101a0:  03a06003      moveq	r6, #3	; 0x3

R00=00000001 R01=00000000 R02=0000000d R03=00000000
R04=00010981 R05=0001098c R06=00000003 R07=00000000
R08=00000000 R09=00000000 R10=00000000 R11=00000000
R12=00000000 R13=00012000 R14=0001019c R15=000101a4
PSR=600001d3 -ZC- A svc32
----------------
IN: 
0x000101a4:  059f14b8      ldreq	r1, [pc, #1208]	; 0x10664

R00=00000001 R01=00010978 R02=0000000d R03=00000000
R04=00010981 R05=0001098c R06=00000003 R07=00000000
R08=00000000 R09=00000000 R10=00000000 R11=00000000
R12=00000000 R13=00012000 R14=0001019c R15=000101a8
PSR=600001d3 -ZC- A svc32
----------------
IN: 
0x000101a8:  059f24a0      ldreq	r2, [pc, #1184]	; 0x10650

R00=00000001 R01=00010978 R02=00010980 R03=00000000
R04=00010981 R05=0001098c R06=00000003 R07=00000000
R08=00000000 R09=00000000 R10=00000000 R11=00000000
R12=00000000 R13=00012000 R14=0001019c R15=000101ac
PSR=600001d3 -ZC- A svc32
----------------
IN: 
0x000101ac:  05d22000      ldrbeq	r2, [r2]

R00=00000001 R01=00010978 R02=0000002b R03=00000000
R04=00010981 R05=0001098c R06=00000003 R07=00000000
R08=00000000 R09=00000000 R10=00000000 R11=00000000
R12=00000000 R13=00012000 R14=0001019c R15=000101b0
PSR=600001d3 -ZC- A svc32
----------------
IN: 
0x000101b0:  05c12000      strbeq	r2, [r1]

R00=00000001 R01=00010978 R02=0000002b R03=00000000
R04=00010981 R05=0001098c R06=00000003 R07=00000000
R08=00000000 R09=00000000 R10=00000000 R11=00000000
R12=00000000 R13=00012000 R14=0001019c R15=000101b4
PSR=600001d3 -ZC- A svc32
----------------
IN: 
0x000101b4:  0affff96      beq	0x10014

R00=00000001 R01=00010978 R02=0000002b R03=00000000
R04=00010981 R05=0001098c R06=00000003 R07=00000000
R08=00000000 R09=00000000 R10=00000000 R11=00000000
R12=00000000 R13=00012000 R14=0001019c R15=00010014
PSR=600001d3 -ZC- A svc32
R00=101f1000 R01=00010978 R02=0000002b R03=00000000
R04=00010981 R05=0001098c R06=00000003 R07=00000000
R08=00000000 R09=00000000 R10=00000000 R11=00000000
R12=00000000 R13=00012000 R14=0001019c R15=00010030
PSR=200001d3 --C- A svc32
----------------
IN: 
0x00010030:  e3560002      cmp	r6, #2	; 0x2

R00=101f1000 R01=00010978 R02=0000002b R03=00000000
R04=00010981 R05=0001098c R06=00000003 R07=00000000
R08=00000000 R09=00000000 R10=00000000 R11=00000000
R12=00000000 R13=00012000 R14=0001019c R15=00010034
PSR=200001d3 --C- A svc32
----------------
IN: 
0x00010034:  059f1610      ldreq	r1, [pc, #1552]	; 0x1064c

R00=101f1000 R01=00010978 R02=0000002b R03=00000000
R04=00010981 R05=0001098c R06=00000003 R07=00000000
R08=00000000 R09=00000000 R10=00000000 R11=00000000
R12=00000000 R13=00012000 R14=0001019c R15=00010038
PSR=200001d3 --C- A svc32
----------------
IN: 
0x00010038:  0a000001      beq	0x10044

R00=101f1000 R01=00010978 R02=0000002b R03=00000000
R04=00010981 R05=0001098c R06=00000003 R07=00000000
R08=00000000 R09=00000000 R10=00000000 R11=00000000
R12=00000000 R13=00012000 R14=0001019c R15=0001003c
PSR=200001d3 --C- A svc32
----------------
IN: 
0x0001003c:  e3560003      cmp	r6, #3	; 0x3

R00=101f1000 R01=00010978 R02=0000002b R03=00000000
R04=00010981 R05=0001098c R06=00000003 R07=00000000
R08=00000000 R09=00000000 R10=00000000 R11=00000000
R12=00000000 R13=00012000 R14=0001019c R15=00010040
PSR=600001d3 -ZC- A svc32
----------------
IN: 
0x00010040:  059f1604      ldreq	r1, [pc, #1540]	; 0x1064c

R00=101f1000 R01=000108eb R02=0000002b R03=00000000
R04=00010981 R05=0001098c R06=00000003 R07=00000000
R08=00000000 R09=00000000 R10=00000000 R11=00000000
R12=00000000 R13=00012000 R14=0001019c R15=00010044
PSR=600001d3 -ZC- A svc32
R00=101f1000 R01=000108eb R02=0000002b R03=00000000
R04=00010981 R05=0001098c R06=00000003 R07=00000000
R08=00000000 R09=00000000 R10=00000000 R11=00000000
R12=00000000 R13=00012000 R14=00010048 R15=00010048
PSR=600001d3 -ZC- A svc32
R00=101f1000 R01=0000000d R02=0000000d R03=00000000
R04=00010981 R05=0001098c R06=00000003 R07=00000000
R08=00000000 R09=00000000 R10=00000000 R11=00000000
R12=00000000 R13=00012000 R14=000100b8 R15=000100b8
PSR=800001d3 N--- A svc32
R00=101f1000 R01=0000000d R02=0000000d R03=00000000
R04=00010981 R05=0001098c R06=00000003 R07=00000000
R08=00000000 R09=00000000 R10=00000000 R11=00000000
R12=00000000 R13=00012000 R14=000100b8 R15=000100b8
PSR=800001d3 N--- A svc32
R00=00000001 R01=00000000 R02=0000000d R03=00000000
R04=00010981 R05=0001098c R06=00000003 R07=00000000
R08=00000000 R09=00000000 R10=00000000 R11=00000000
R12=00000000 R13=00012000 R14=000100c8 R15=000100c8
PSR=600001d3 -ZC- A svc32
R00=00000001 R01=00000000 R02=0000000d R03=00000000
R04=00010981 R05=0001098c R06=00000003 R07=00000000
R08=00000000 R09=00000000 R10=00000000 R11=00000000
R12=00000000 R13=00012000 R14=000100c8 R15=000100e0
PSR=200001d3 --C- A svc32
R00=00000001 R01=00000000 R02=0000000d R03=00000000
R04=00010981 R05=0001098c R06=00000003 R07=00000000
R08=00000000 R09=00000000 R10=00000000 R11=00000000
R12=00000000 R13=00012000 R14=000100c8 R15=000100ec
PSR=200001d3 --C- A svc32
----------------
IN: 
0x000100ec:  e3560001      cmp	r6, #1	; 0x1

R00=00000001 R01=00000000 R02=0000000d R03=00000000
R04=00010981 R05=0001098c R06=00000003 R07=00000000
R08=00000000 R09=00000000 R10=00000000 R11=00000000
R12=00000000 R13=00012000 R14=000100c8 R15=000100f0
PSR=200001d3 --C- A svc32
----------------
IN: 
0x000100f0:  1a000002      bne	0x10100

R00=00000001 R01=00000000 R02=0000000d R03=00000000
R04=00010981 R05=0001098c R06=00000003 R07=00000000
R08=00000000 R09=00000000 R10=00000000 R11=00000000
R12=00000000 R13=00012000 R14=000100c8 R15=00010100
PSR=200001d3 --C- A svc32
----------------
IN: 
0x00010100:  e3560002      cmp	r6, #2	; 0x2

R00=00000001 R01=00000000 R02=0000000d R03=00000000
R04=00010981 R05=0001098c R06=00000003 R07=00000000
R08=00000000 R09=00000000 R10=00000000 R11=00000000
R12=00000000 R13=00012000 R14=000100c8 R15=00010104
PSR=200001d3 --C- A svc32
----------------
IN: 
0x00010104:  1a000009      bne	0x10130

R00=00000001 R01=00000000 R02=0000000d R03=00000000
R04=00010981 R05=0001098c R06=00000003 R07=00000000
R08=00000000 R09=00000000 R10=00000000 R11=00000000
R12=00000000 R13=00012000 R14=000100c8 R15=00010130
PSR=200001d3 --C- A svc32
----------------
IN: 
0x00010130:  e3560003      cmp	r6, #3	; 0x3

R00=00000001 R01=00000000 R02=0000000d R03=00000000
R04=00010981 R05=0001098c R06=00000003 R07=00000000
R08=00000000 R09=00000000 R10=00000000 R11=00000000
R12=00000000 R13=00012000 R14=000100c8 R15=00010134
PSR=600001d3 -ZC- A svc32
----------------
IN: 
0x00010134:  059f0514      ldreq	r0, [pc, #1300]	; 0x10650

R00=00010980 R01=00000000 R02=0000000d R03=00000000
R04=00010981 R05=0001098c R06=00000003 R07=00000000
R08=00000000 R09=00000000 R10=00000000 R11=00000000
R12=00000000 R13=00012000 R14=000100c8 R15=00010138
PSR=600001d3 -ZC- A svc32
----------------
IN: 
0x00010138:  0b0001a2      bleq	0x107c8

R00=00010980 R01=00000000 R02=0000000d R03=00000000
R04=00010981 R05=0001098c R06=00000003 R07=00000000
R08=00000000 R09=00000000 R10=00000000 R11=00000000
R12=00000000 R13=00012000 R14=0001013c R15=000107c8
PSR=600001d3 -ZC- A svc32
R00=00010980 R01=00000000 R02=0000000d R03=00000036
R04=00010981 R05=0001098c R06=00000003 R07=00000000
R08=00000000 R09=00000000 R10=00000000 R11=00011ffc
R12=00000000 R13=00011fe0 R14=0001013c R15=0001085c
PSR=200001d3 --C- A svc32
R00=00000006 R01=00010980 R02=00000006 R03=00000006
R04=00010981 R05=0001098c R06=00000003 R07=00000000
R08=00000000 R09=00000000 R10=00000000 R11=00000000
R12=00000000 R13=00012000 R14=0001013c R15=0001013c
PSR=600001d3 -ZC- A svc32
----------------
IN: 
0x0001013c:  059f151c      ldreq	r1, [pc, #1308]	; 0x10660

R00=00000006 R01=0001097c R02=00000006 R03=00000006
R04=00010981 R05=0001098c R06=00000003 R07=00000000
R08=00000000 R09=00000000 R10=00000000 R11=00000000
R12=00000000 R13=00012000 R14=0001013c R15=00010140
PSR=600001d3 -ZC- A svc32
----------------
IN: 
0x00010140:  05810000      streq	r0, [r1]

R00=00000006 R01=0001097c R02=00000006 R03=00000006
R04=00010981 R05=0001098c R06=00000003 R07=00000000
R08=00000000 R09=00000000 R10=00000000 R11=00000000
R12=00000000 R13=00012000 R14=0001013c R15=00010144
PSR=600001d3 -ZC- A svc32
----------------
IN: 
0x00010144:  eb00007a      bl	0x10334

R00=00000006 R01=0001097c R02=00000006 R03=00000006
R04=00010981 R05=0001098c R06=00000003 R07=00000000
R08=00000000 R09=00000000 R10=00000000 R11=00000000
R12=00000000 R13=00012000 R14=00010148 R15=00010334
PSR=600001d3 -ZC- A svc32
----------------
IN: 
0x00010334:  e92d41ff      push	{r0, r1, r2, r3, r4, r5, r6, r7, r8, lr}

R00=00000006 R01=0001097c R02=00000006 R03=00000006
R04=00010981 R05=0001098c R06=00000003 R07=00000000
R08=00000000 R09=00000000 R10=00000000 R11=00000000
R12=00000000 R13=00011fd8 R14=00010148 R15=00010338
PSR=600001d3 -ZC- A svc32
----------------
IN: 
0x00010338:  e3a08000      mov	r8, #0	; 0x0

R00=00000006 R01=0001097c R02=00000006 R03=00000006
R04=00010981 R05=0001098c R06=00000003 R07=00000000
R08=00000000 R09=00000000 R10=00000000 R11=00000000
R12=00000000 R13=00011fd8 R14=00010148 R15=0001033c
PSR=600001d3 -ZC- A svc32
----------------
IN: 
0x0001033c:  e59f2320      ldr	r2, [pc, #800]	; 0x10664

R00=00000006 R01=0001097c R02=00010978 R03=00000006
R04=00010981 R05=0001098c R06=00000003 R07=00000000
R08=00000000 R09=00000000 R10=00000000 R11=00000000
R12=00000000 R13=00011fd8 R14=00010148 R15=00010340
PSR=600001d3 -ZC- A svc32
----------------
IN: 
0x00010340:  e5d22000      ldrb	r2, [r2]

R00=00000006 R01=0001097c R02=0000002b R03=00000006
R04=00010981 R05=0001098c R06=00000003 R07=00000000
R08=00000000 R09=00000000 R10=00000000 R11=00000000
R12=00000000 R13=00011fd8 R14=00010148 R15=00010344
PSR=600001d3 -ZC- A svc32
----------------
IN: 
0x00010344:  e59f0310      ldr	r0, [pc, #784]	; 0x1065c

R00=00010974 R01=0001097c R02=0000002b R03=00000006
R04=00010981 R05=0001098c R06=00000003 R07=00000000
R08=00000000 R09=00000000 R10=00000000 R11=00000000
R12=00000000 R13=00011fd8 R14=00010148 R15=00010348
PSR=600001d3 -ZC- A svc32
----------------
IN: 
0x00010348:  e5900000      ldr	r0, [r0]

R00=00000002 R01=0001097c R02=0000002b R03=00000006
R04=00010981 R05=0001098c R06=00000003 R07=00000000
R08=00000000 R09=00000000 R10=00000000 R11=00000000
R12=00000000 R13=00011fd8 R14=00010148 R15=0001034c
PSR=600001d3 -ZC- A svc32
----------------
IN: 
0x0001034c:  e59f130c      ldr	r1, [pc, #780]	; 0x10660

R00=00000002 R01=0001097c R02=0000002b R03=00000006
R04=00010981 R05=0001098c R06=00000003 R07=00000000
R08=00000000 R09=00000000 R10=00000000 R11=00000000
R12=00000000 R13=00011fd8 R14=00010148 R15=00010350
PSR=600001d3 -ZC- A svc32
----------------
IN: 
0x00010350:  e5911000      ldr	r1, [r1]

R00=00000002 R01=00000006 R02=0000002b R03=00000006
R04=00010981 R05=0001098c R06=00000003 R07=00000000
R08=00000000 R09=00000000 R10=00000000 R11=00000000
R12=00000000 R13=00011fd8 R14=00010148 R15=00010354
PSR=600001d3 -ZC- A svc32
----------------
IN: 
0x00010354:  e352002b      cmp	r2, #43	; 0x2b

R00=00000002 R01=00000006 R02=0000002b R03=00000006
R04=00010981 R05=0001098c R06=00000003 R07=00000000
R08=00000000 R09=00000000 R10=00000000 R11=00000000
R12=00000000 R13=00011fd8 R14=00010148 R15=00010358
PSR=600001d3 -ZC- A svc32
----------------
IN: 
0x00010358:  1a000001      bne	0x10364

R00=00000002 R01=00000006 R02=0000002b R03=00000006
R04=00010981 R05=0001098c R06=00000003 R07=00000000
R08=00000000 R09=00000000 R10=00000000 R11=00000000
R12=00000000 R13=00011fd8 R14=00010148 R15=0001035c
PSR=600001d3 -ZC- A svc32
----------------
IN: 
0x0001035c:  0b000014      bleq	0x103b4

R00=00000002 R01=00000006 R02=0000002b R03=00000006
R04=00010981 R05=0001098c R06=00000003 R07=00000000
R08=00000000 R09=00000000 R10=00000000 R11=00000000
R12=00000000 R13=00011fd8 R14=00010360 R15=000103b4
PSR=600001d3 -ZC- A svc32
----------------
IN: 
0x000103b4:  e92d4000      push	{lr}

R00=00000002 R01=00000006 R02=0000002b R03=00000006
R04=00010981 R05=0001098c R06=00000003 R07=00000000
R08=00000000 R09=00000000 R10=00000000 R11=00000000
R12=00000000 R13=00011fd4 R14=00010360 R15=000103b8
PSR=600001d3 -ZC- A svc32
----------------
IN: 
0x000103b8:  e0900001      adds	r0, r0, r1

R00=00000008 R01=00000006 R02=0000002b R03=00000006
R04=00010981 R05=0001098c R06=00000003 R07=00000000
R08=00000000 R09=00000000 R10=00000000 R11=00000000
R12=00000000 R13=00011fd4 R14=00010360 R15=000103bc
PSR=000001d3 ---- A svc32
----------------
IN: 
0x000103bc:  7a000000      bvc	0x103c4

R00=00000008 R01=00000006 R02=0000002b R03=00000006
R04=00010981 R05=0001098c R06=00000003 R07=00000000
R08=00000000 R09=00000000 R10=00000000 R11=00000000
R12=00000000 R13=00011fd4 R14=00010360 R15=000103c4
PSR=000001d3 ---- A svc32
----------------
IN: 
0x000103c4:  e8bd4000      pop	{lr}

R00=00000008 R01=00000006 R02=0000002b R03=00000006
R04=00010981 R05=0001098c R06=00000003 R07=00000000
R08=00000000 R09=00000000 R10=00000000 R11=00000000
R12=00000000 R13=00011fd8 R14=00010360 R15=000103c8
PSR=000001d3 ---- A svc32
----------------
IN: 
0x000103c8:  e12fff1e      bx	lr

R00=00000008 R01=00000006 R02=0000002b R03=00000006
R04=00010981 R05=0001098c R06=00000003 R07=00000000
R08=00000000 R09=00000000 R10=00000000 R11=00000000
R12=00000000 R13=00011fd8 R14=00010360 R15=00010360
PSR=000001d3 ---- A svc32
----------------
IN: 
0x00010360:  ea000009      b	0x1038c

R00=00000008 R01=00000006 R02=0000002b R03=00000006
R04=00010981 R05=0001098c R06=00000003 R07=00000000
R08=00000000 R09=00000000 R10=00000000 R11=00000000
R12=00000000 R13=00011fd8 R14=00010360 R15=0001038c
PSR=000001d3 ---- A svc32
----------------
IN: 
0x0001038c:  e3580001      cmp	r8, #1	; 0x1

R00=00000008 R01=00000006 R02=0000002b R03=00000006
R04=00010981 R05=0001098c R06=00000003 R07=00000000
R08=00000000 R09=00000000 R10=00000000 R11=00000000
R12=00000000 R13=00011fd8 R14=00010360 R15=00010390
PSR=800001d3 N--- A svc32
----------------
IN: 
0x00010390:  0a000005      beq	0x103ac

R00=00000008 R01=00000006 R02=0000002b R03=00000006
R04=00010981 R05=0001098c R06=00000003 R07=00000000
R08=00000000 R09=00000000 R10=00000000 R11=00000000
R12=00000000 R13=00011fd8 R14=00010360 R15=00010394
PSR=800001d3 N--- A svc32
----------------
IN: 
0x00010394:  eb0000b7      bl	0x10678

R00=00000008 R01=00000006 R02=0000002b R03=00000006
R04=00010981 R05=0001098c R06=00000003 R07=00000000
R08=00000000 R09=00000000 R10=00000000 R11=00000000
R12=00000000 R13=00011fd8 R14=00010398 R15=00010678
PSR=800001d3 N--- A svc32
----------------
IN: 
0x00010678:  e52db004      push	{fp}		; (str fp, [sp, #-4]!)

R00=00000008 R01=00000006 R02=0000002b R03=00000006
R04=00010981 R05=0001098c R06=00000003 R07=00000000
R08=00000000 R09=00000000 R10=00000000 R11=00000000
R12=00000000 R13=00011fd4 R14=00010398 R15=0001067c
PSR=800001d3 N--- A svc32
----------------
IN: 
0x0001067c:  e28db000      add	fp, sp, #0	; 0x0

R00=00000008 R01=00000006 R02=0000002b R03=00000006
R04=00010981 R05=0001098c R06=00000003 R07=00000000
R08=00000000 R09=00000000 R10=00000000 R11=00011fd4
R12=00000000 R13=00011fd4 R14=00010398 R15=00010680
PSR=800001d3 N--- A svc32
----------------
IN: 
0x00010680:  e24dd014      sub	sp, sp, #20	; 0x14

R00=00000008 R01=00000006 R02=0000002b R03=00000006
R04=00010981 R05=0001098c R06=00000003 R07=00000000
R08=00000000 R09=00000000 R10=00000000 R11=00011fd4
R12=00000000 R13=00011fc0 R14=00010398 R15=00010684
PSR=800001d3 N--- A svc32
----------------
IN: 
0x00010684:  e50b0010      str	r0, [fp, #-16]

R00=00000008 R01=00000006 R02=0000002b R03=00000006
R04=00010981 R05=0001098c R06=00000003 R07=00000000
R08=00000000 R09=00000000 R10=00000000 R11=00011fd4
R12=00000000 R13=00011fc0 R14=00010398 R15=00010688
PSR=800001d3 N--- A svc32
----------------
IN: 
0x00010688:  e59f3130      ldr	r3, [pc, #304]	; 0x107c0

R00=00000008 R01=00000006 R02=0000002b R03=0001099c
R04=00010981 R05=0001098c R06=00000003 R07=00000000
R08=00000000 R09=00000000 R10=00000000 R11=00011fd4
R12=00000000 R13=00011fc0 R14=00010398 R15=0001068c
PSR=800001d3 N--- A svc32
----------------
IN: 
0x0001068c:  e50b3008      str	r3, [fp, #-8]

R00=00000008 R01=00000006 R02=0000002b R03=0001099c
R04=00010981 R05=0001098c R06=00000003 R07=00000000
R08=00000000 R09=00000000 R10=00000000 R11=00011fd4
R12=00000000 R13=00011fc0 R14=00010398 R15=00010690
PSR=800001d3 N--- A svc32
----------------
IN: 
0x00010690:  e51b3008      ldr	r3, [fp, #-8]

R00=00000008 R01=00000006 R02=0000002b R03=0001099c
R04=00010981 R05=0001098c R06=00000003 R07=00000000
R08=00000000 R09=00000000 R10=00000000 R11=00011fd4
R12=00000000 R13=00011fc0 R14=00010398 R15=00010694
PSR=800001d3 N--- A svc32
----------------
IN: 
0x00010694:  e3a02000      mov	r2, #0	; 0x0

R00=00000008 R01=00000006 R02=00000000 R03=0001099c
R04=00010981 R05=0001098c R06=00000003 R07=00000000
R08=00000000 R09=00000000 R10=00000000 R11=00011fd4
R12=00000000 R13=00011fc0 R14=00010398 R15=00010698
PSR=800001d3 N--- A svc32
----------------
IN: 
0x00010698:  e5c32000      strb	r2, [r3]

R00=00000008 R01=00000006 R02=00000000 R03=0001099c
R04=00010981 R05=0001098c R06=00000003 R07=00000000
R08=00000000 R09=00000000 R10=00000000 R11=00011fd4
R12=00000000 R13=00011fc0 R14=00010398 R15=0001069c
PSR=800001d3 N--- A svc32
----------------
IN: 
0x0001069c:  e51b3010      ldr	r3, [fp, #-16]

R00=00000008 R01=00000006 R02=00000000 R03=00000008
R04=00010981 R05=0001098c R06=00000003 R07=00000000
R08=00000000 R09=00000000 R10=00000000 R11=00011fd4
R12=00000000 R13=00011fc0 R14=00010398 R15=000106a0
PSR=800001d3 N--- A svc32
----------------
IN: 
0x000106a0:  e3530000      cmp	r3, #0	; 0x0

R00=00000008 R01=00000006 R02=00000000 R03=00000008
R04=00010981 R05=0001098c R06=00000003 R07=00000000
R08=00000000 R09=00000000 R10=00000000 R11=00011fd4
R12=00000000 R13=00011fc0 R14=00010398 R15=000106a4
PSR=200001d3 --C- A svc32
----------------
IN: 
0x000106a4:  aa000023      bge	0x10738

R00=00000008 R01=00000006 R02=00000000 R03=00000008
R04=00010981 R05=0001098c R06=00000003 R07=00000000
R08=00000000 R09=00000000 R10=00000000 R11=00011fd4
R12=00000000 R13=00011fc0 R14=00010398 R15=00010738
PSR=200001d3 --C- A svc32
----------------
IN: 
0x00010738:  e51b3008      ldr	r3, [fp, #-8]

R00=00000008 R01=00000006 R02=00000000 R03=0001099c
R04=00010981 R05=0001098c R06=00000003 R07=00000000
R08=00000000 R09=00000000 R10=00000000 R11=00011fd4
R12=00000000 R13=00011fc0 R14=00010398 R15=0001073c
PSR=200001d3 --C- A svc32
----------------
IN: 
0x0001073c:  e2433001      sub	r3, r3, #1	; 0x1

R00=00000008 R01=00000006 R02=00000000 R03=0001099b
R04=00010981 R05=0001098c R06=00000003 R07=00000000
R08=00000000 R09=00000000 R10=00000000 R11=00011fd4
R12=00000000 R13=00011fc0 R14=00010398 R15=00010740
PSR=200001d3 --C- A svc32
----------------
IN: 
0x00010740:  e50b3008      str	r3, [fp, #-8]

R00=00000008 R01=00000006 R02=00000000 R03=0001099b
R04=00010981 R05=0001098c R06=00000003 R07=00000000
R08=00000000 R09=00000000 R10=00000000 R11=00011fd4
R12=00000000 R13=00011fc0 R14=00010398 R15=00010744
PSR=200001d3 --C- A svc32
----------------
IN: 
0x00010744:  e51b1010      ldr	r1, [fp, #-16]

R00=00000008 R01=00000008 R02=00000000 R03=0001099b
R04=00010981 R05=0001098c R06=00000003 R07=00000000
R08=00000000 R09=00000000 R10=00000000 R11=00011fd4
R12=00000000 R13=00011fc0 R14=00010398 R15=00010748
PSR=200001d3 --C- A svc32
----------------
IN: 
0x00010748:  e59f3074      ldr	r3, [pc, #116]	; 0x107c4

R00=00000008 R01=00000008 R02=00000000 R03=66666667
R04=00010981 R05=0001098c R06=00000003 R07=00000000
R08=00000000 R09=00000000 R10=00000000 R11=00011fd4
R12=00000000 R13=00011fc0 R14=00010398 R15=0001074c
PSR=200001d3 --C- A svc32
----------------
IN: 
0x0001074c:  e0c32391      smull	r2, r3, r1, r3

R00=00000008 R01=00000008 R02=33333338 R03=00000003
R04=00010981 R05=0001098c R06=00000003 R07=00000000
R08=00000000 R09=00000000 R10=00000000 R11=00011fd4
R12=00000000 R13=00011fc0 R14=00010398 R15=00010750
PSR=200001d3 --C- A svc32
----------------
IN: 
0x00010750:  e1a02143      asr	r2, r3, #2

R00=00000008 R01=00000008 R02=00000000 R03=00000003
R04=00010981 R05=0001098c R06=00000003 R07=00000000
R08=00000000 R09=00000000 R10=00000000 R11=00011fd4
R12=00000000 R13=00011fc0 R14=00010398 R15=00010754
PSR=200001d3 --C- A svc32
----------------
IN: 
0x00010754:  e1a03fc1      asr	r3, r1, #31

R00=00000008 R01=00000008 R02=00000000 R03=00000000
R04=00010981 R05=0001098c R06=00000003 R07=00000000
R08=00000000 R09=00000000 R10=00000000 R11=00011fd4
R12=00000000 R13=00011fc0 R14=00010398 R15=00010758
PSR=200001d3 --C- A svc32
----------------
IN: 
0x00010758:  e0632002      rsb	r2, r3, r2

R00=00000008 R01=00000008 R02=00000000 R03=00000000
R04=00010981 R05=0001098c R06=00000003 R07=00000000
R08=00000000 R09=00000000 R10=00000000 R11=00011fd4
R12=00000000 R13=00011fc0 R14=00010398 R15=0001075c
PSR=200001d3 --C- A svc32
----------------
IN: 
0x0001075c:  e1a03002      mov	r3, r2

R00=00000008 R01=00000008 R02=00000000 R03=00000000
R04=00010981 R05=0001098c R06=00000003 R07=00000000
R08=00000000 R09=00000000 R10=00000000 R11=00011fd4
R12=00000000 R13=00011fc0 R14=00010398 R15=00010760
PSR=200001d3 --C- A svc32
----------------
IN: 
0x00010760:  e1a03103      lsl	r3, r3, #2

R00=00000008 R01=00000008 R02=00000000 R03=00000000
R04=00010981 R05=0001098c R06=00000003 R07=00000000
R08=00000000 R09=00000000 R10=00000000 R11=00011fd4
R12=00000000 R13=00011fc0 R14=00010398 R15=00010764
PSR=200001d3 --C- A svc32
----------------
IN: 
0x00010764:  e0833002      add	r3, r3, r2

R00=00000008 R01=00000008 R02=00000000 R03=00000000
R04=00010981 R05=0001098c R06=00000003 R07=00000000
R08=00000000 R09=00000000 R10=00000000 R11=00011fd4
R12=00000000 R13=00011fc0 R14=00010398 R15=00010768
PSR=200001d3 --C- A svc32
----------------
IN: 
0x00010768:  e1a03083      lsl	r3, r3, #1

R00=00000008 R01=00000008 R02=00000000 R03=00000000
R04=00010981 R05=0001098c R06=00000003 R07=00000000
R08=00000000 R09=00000000 R10=00000000 R11=00011fd4
R12=00000000 R13=00011fc0 R14=00010398 R15=0001076c
PSR=200001d3 --C- A svc32
----------------
IN: 
0x0001076c:  e0632001      rsb	r2, r3, r1

R00=00000008 R01=00000008 R02=00000008 R03=00000000
R04=00010981 R05=0001098c R06=00000003 R07=00000000
R08=00000000 R09=00000000 R10=00000000 R11=00011fd4
R12=00000000 R13=00011fc0 R14=00010398 R15=00010770
PSR=200001d3 --C- A svc32
----------------
IN: 
0x00010770:  e20230ff      and	r3, r2, #255	; 0xff

R00=00000008 R01=00000008 R02=00000008 R03=00000008
R04=00010981 R05=0001098c R06=00000003 R07=00000000
R08=00000000 R09=00000000 R10=00000000 R11=00011fd4
R12=00000000 R13=00011fc0 R14=00010398 R15=00010774
PSR=200001d3 --C- A svc32
----------------
IN: 
0x00010774:  e2833030      add	r3, r3, #48	; 0x30

R00=00000008 R01=00000008 R02=00000008 R03=00000038
R04=00010981 R05=0001098c R06=00000003 R07=00000000
R08=00000000 R09=00000000 R10=00000000 R11=00011fd4
R12=00000000 R13=00011fc0 R14=00010398 R15=00010778
PSR=200001d3 --C- A svc32
----------------
IN: 
0x00010778:  e20320ff      and	r2, r3, #255	; 0xff

R00=00000008 R01=00000008 R02=00000038 R03=00000038
R04=00010981 R05=0001098c R06=00000003 R07=00000000
R08=00000000 R09=00000000 R10=00000000 R11=00011fd4
R12=00000000 R13=00011fc0 R14=00010398 R15=0001077c
PSR=200001d3 --C- A svc32
----------------
IN: 
0x0001077c:  e51b3008      ldr	r3, [fp, #-8]

R00=00000008 R01=00000008 R02=00000038 R03=0001099b
R04=00010981 R05=0001098c R06=00000003 R07=00000000
R08=00000000 R09=00000000 R10=00000000 R11=00011fd4
R12=00000000 R13=00011fc0 R14=00010398 R15=00010780
PSR=200001d3 --C- A svc32
----------------
IN: 
0x00010780:  e5c32000      strb	r2, [r3]

R00=00000008 R01=00000008 R02=00000038 R03=0001099b
R04=00010981 R05=0001098c R06=00000003 R07=00000000
R08=00000000 R09=00000000 R10=00000000 R11=00011fd4
R12=00000000 R13=00011fc0 R14=00010398 R15=00010784
PSR=200001d3 --C- A svc32
----------------
IN: 
0x00010784:  e51b3010      ldr	r3, [fp, #-16]

R00=00000008 R01=00000008 R02=00000038 R03=00000008
R04=00010981 R05=0001098c R06=00000003 R07=00000000
R08=00000000 R09=00000000 R10=00000000 R11=00011fd4
R12=00000000 R13=00011fc0 R14=00010398 R15=00010788
PSR=200001d3 --C- A svc32
----------------
IN: 
0x00010788:  e59f2034      ldr	r2, [pc, #52]	; 0x107c4

R00=00000008 R01=00000008 R02=66666667 R03=00000008
R04=00010981 R05=0001098c R06=00000003 R07=00000000
R08=00000000 R09=00000000 R10=00000000 R11=00011fd4
R12=00000000 R13=00011fc0 R14=00010398 R15=0001078c
PSR=200001d3 --C- A svc32
----------------
IN: 
0x0001078c:  e0c21293      smull	r1, r2, r3, r2

R00=00000008 R01=33333338 R02=00000003 R03=00000008
R04=00010981 R05=0001098c R06=00000003 R07=00000000
R08=00000000 R09=00000000 R10=00000000 R11=00011fd4
R12=00000000 R13=00011fc0 R14=00010398 R15=00010790
PSR=200001d3 --C- A svc32
----------------
IN: 
0x00010790:  e1a02142      asr	r2, r2, #2

R00=00000008 R01=33333338 R02=00000000 R03=00000008
R04=00010981 R05=0001098c R06=00000003 R07=00000000
R08=00000000 R09=00000000 R10=00000000 R11=00011fd4
R12=00000000 R13=00011fc0 R14=00010398 R15=00010794
PSR=200001d3 --C- A svc32
----------------
IN: 
0x00010794:  e1a03fc3      asr	r3, r3, #31

R00=00000008 R01=33333338 R02=00000000 R03=00000000
R04=00010981 R05=0001098c R06=00000003 R07=00000000
R08=00000000 R09=00000000 R10=00000000 R11=00011fd4
R12=00000000 R13=00011fc0 R14=00010398 R15=00010798
PSR=200001d3 --C- A svc32
----------------
IN: 
0x00010798:  e0633002      rsb	r3, r3, r2

R00=00000008 R01=33333338 R02=00000000 R03=00000000
R04=00010981 R05=0001098c R06=00000003 R07=00000000
R08=00000000 R09=00000000 R10=00000000 R11=00011fd4
R12=00000000 R13=00011fc0 R14=00010398 R15=0001079c
PSR=200001d3 --C- A svc32
----------------
IN: 
0x0001079c:  e50b3010      str	r3, [fp, #-16]

R00=00000008 R01=33333338 R02=00000000 R03=00000000
R04=00010981 R05=0001098c R06=00000003 R07=00000000
R08=00000000 R09=00000000 R10=00000000 R11=00011fd4
R12=00000000 R13=00011fc0 R14=00010398 R15=000107a0
PSR=200001d3 --C- A svc32
----------------
IN: 
0x000107a0:  e51b3010      ldr	r3, [fp, #-16]

R00=00000008 R01=33333338 R02=00000000 R03=00000000
R04=00010981 R05=0001098c R06=00000003 R07=00000000
R08=00000000 R09=00000000 R10=00000000 R11=00011fd4
R12=00000000 R13=00011fc0 R14=00010398 R15=000107a4
PSR=200001d3 --C- A svc32
----------------
IN: 
0x000107a4:  e3530000      cmp	r3, #0	; 0x0

R00=00000008 R01=33333338 R02=00000000 R03=00000000
R04=00010981 R05=0001098c R06=00000003 R07=00000000
R08=00000000 R09=00000000 R10=00000000 R11=00011fd4
R12=00000000 R13=00011fc0 R14=00010398 R15=000107a8
PSR=600001d3 -ZC- A svc32
----------------
IN: 
0x000107a8:  1affffe2      bne	0x10738

R00=00000008 R01=33333338 R02=00000000 R03=00000000
R04=00010981 R05=0001098c R06=00000003 R07=00000000
R08=00000000 R09=00000000 R10=00000000 R11=00011fd4
R12=00000000 R13=00011fc0 R14=00010398 R15=000107ac
PSR=600001d3 -ZC- A svc32
----------------
IN: 
0x000107ac:  e51b3008      ldr	r3, [fp, #-8]

R00=00000008 R01=33333338 R02=00000000 R03=0001099b
R04=00010981 R05=0001098c R06=00000003 R07=00000000
R08=00000000 R09=00000000 R10=00000000 R11=00011fd4
R12=00000000 R13=00011fc0 R14=00010398 R15=000107b0
PSR=600001d3 -ZC- A svc32
----------------
IN: 
0x000107b0:  e1a00003      mov	r0, r3

R00=0001099b R01=33333338 R02=00000000 R03=0001099b
R04=00010981 R05=0001098c R06=00000003 R07=00000000
R08=00000000 R09=00000000 R10=00000000 R11=00011fd4
R12=00000000 R13=00011fc0 R14=00010398 R15=000107b4
PSR=600001d3 -ZC- A svc32
----------------
IN: 
0x000107b4:  e28bd000      add	sp, fp, #0	; 0x0

R00=0001099b R01=33333338 R02=00000000 R03=0001099b
R04=00010981 R05=0001098c R06=00000003 R07=00000000
R08=00000000 R09=00000000 R10=00000000 R11=00011fd4
R12=00000000 R13=00011fd4 R14=00010398 R15=000107b8
PSR=600001d3 -ZC- A svc32
----------------
IN: 
0x000107b8:  e8bd0800      pop	{fp}

R00=0001099b R01=33333338 R02=00000000 R03=0001099b
R04=00010981 R05=0001098c R06=00000003 R07=00000000
R08=00000000 R09=00000000 R10=00000000 R11=00000000
R12=00000000 R13=00011fd8 R14=00010398 R15=000107bc
PSR=600001d3 -ZC- A svc32
----------------
IN: 
0x000107bc:  e12fff1e      bx	lr

R00=0001099b R01=33333338 R02=00000000 R03=0001099b
R04=00010981 R05=0001098c R06=00000003 R07=00000000
R08=00000000 R09=00000000 R10=00000000 R11=00000000
R12=00000000 R13=00011fd8 R14=00010398 R15=00010398
PSR=600001d3 -ZC- A svc32
----------------
IN: 
0x00010398:  e1a04000      mov	r4, r0

R00=0001099b R01=33333338 R02=00000000 R03=0001099b
R04=0001099b R05=0001098c R06=00000003 R07=00000000
R08=00000000 R09=00000000 R10=00000000 R11=00000000
R12=00000000 R13=00011fd8 R14=00010398 R15=0001039c
PSR=600001d3 -ZC- A svc32
----------------
IN: 
0x0001039c:  e59f0298      ldr	r0, [pc, #664]	; 0x1063c

R00=101f1000 R01=33333338 R02=00000000 R03=0001099b
R04=0001099b R05=0001098c R06=00000003 R07=00000000
R08=00000000 R09=00000000 R10=00000000 R11=00000000
R12=00000000 R13=00011fd8 R14=00010398 R15=000103a0
PSR=600001d3 -ZC- A svc32
----------------
IN: 
0x000103a0:  e1a01004      mov	r1, r4

R00=101f1000 R01=0001099b R02=00000000 R03=0001099b
R04=0001099b R05=0001098c R06=00000003 R07=00000000
R08=00000000 R09=00000000 R10=00000000 R11=00000000
R12=00000000 R13=00011fd8 R14=00010398 R15=000103a4
PSR=600001d3 -ZC- A svc32
----------------
IN: 
0x000103a4:  ebffff92      bl	0x101f4

R00=101f1000 R01=0001099b R02=00000000 R03=0001099b
R04=0001099b R05=0001098c R06=00000003 R07=00000000
R08=00000000 R09=00000000 R10=00000000 R11=00000000
R12=00000000 R13=00011fd8 R14=000103a8 R15=000101f4
PSR=600001d3 -ZC- A svc32
R00=101f1000 R01=0001099b R02=00000000 R03=0001099b
R04=0001099b R05=0001098c R06=00000003 R07=00000000
R08=00000000 R09=00000000 R10=00000000 R11=00000000
R12=00000000 R13=00011fd8 R14=000103a8 R15=000103a8
PSR=600001d3 -ZC- A svc32
----------------
IN: 
0x000103a8:  ebffff9a      bl	0x10218

R00=101f1000 R01=0001099b R02=00000000 R03=0001099b
R04=0001099b R05=0001098c R06=00000003 R07=00000000
R08=00000000 R09=00000000 R10=00000000 R11=00000000
R12=00000000 R13=00011fd8 R14=000103ac R15=00010218
PSR=600001d3 -ZC- A svc32
R00=101f1000 R01=0001099b R02=0000000d R03=0001099b
R04=0001099b R05=0001098c R06=00000003 R07=00000000
R08=00000000 R09=00000000 R10=00000000 R11=00000000
R12=00000000 R13=00011fd8 R14=000103ac R15=000103ac
PSR=600001d3 -ZC- A svc32
----------------
IN: 
0x000103ac:  e8bd41ff      pop	{r0, r1, r2, r3, r4, r5, r6, r7, r8, lr}

R00=00000006 R01=0001097c R02=00000006 R03=00000006
R04=00010981 R05=0001098c R06=00000003 R07=00000000
R08=00000000 R09=00000000 R10=00000000 R11=00000000
R12=00000000 R13=00012000 R14=00010148 R15=000103b0
PSR=600001d3 -ZC- A svc32
----------------
IN: 
0x000103b0:  e12fff1e      bx	lr

R00=00000006 R01=0001097c R02=00000006 R03=00000006
R04=00010981 R05=0001098c R06=00000003 R07=00000000
R08=00000000 R09=00000000 R10=00000000 R11=00000000
R12=00000000 R13=00012000 R14=00010148 R15=00010148
PSR=600001d3 -ZC- A svc32
----------------
IN: 
0x00010148:  e3a06000      mov	r6, #0	; 0x0

R00=00000006 R01=0001097c R02=00000006 R03=00000006
R04=00010981 R05=0001098c R06=00000000 R07=00000000
R08=00000000 R09=00000000 R10=00000000 R11=00000000
R12=00000000 R13=00012000 R14=00010148 R15=0001014c
PSR=600001d3 -ZC- A svc32
----------------
IN: 
0x0001014c:  eaffffb0      b	0x10014

R00=00000006 R01=0001097c R02=00000006 R03=00000006
R04=00010981 R05=0001098c R06=00000000 R07=00000000
R08=00000000 R09=00000000 R10=00000000 R11=00000000
R12=00000000 R13=00012000 R14=00010148 R15=00010014
PSR=600001d3 -ZC- A svc32
R00=101f1000 R01=000108b2 R02=00000006 R03=00000006
R04=00010981 R05=0001098c R06=00000000 R07=00000000
R08=00000000 R09=00000000 R10=00000000 R11=00000000
R12=00000000 R13=00012000 R14=00010048 R15=00010048
PSR=600001d3 -ZC- A svc32
R00=101f1000 R01=0000000d R02=00000071 R03=00000000
R04=00010981 R05=0001098c R06=00000000 R07=00000000
R08=00000000 R09=00000000 R10=00000000 R11=00000000
R12=00000000 R13=00012000 R14=00010048 R15=000101dc
PSR=600001d3 -ZC- A svc32
----------------
IN: 
0x000101dc:  e59f0458      ldr	r0, [pc, #1112]	; 0x1063c

R00=101f1000 R01=0000000d R02=00000071 R03=00000000
R04=00010981 R05=0001098c R06=00000000 R07=00000000
R08=00000000 R09=00000000 R10=00000000 R11=00000000
R12=00000000 R13=00012000 R14=00010048 R15=000101dc
PSR=600001d3 -ZC- A svc32
R00=101f1000 R01=0000000d R02=00000071 R03=00000000
R04=00010981 R05=0001098c R06=00000000 R07=00000000
R08=00000000 R09=00000000 R10=00000000 R11=00000000
R12=00000000 R13=00012000 R14=00010048 R15=000101e0
PSR=600001d3 -ZC- A svc32
----------------
IN: 
0x000101e0:  eb00000c      bl	0x10218

R00=101f1000 R01=0000000d R02=00000071 R03=00000000
R04=00010981 R05=0001098c R06=00000000 R07=00000000
R08=00000000 R09=00000000 R10=00000000 R11=00000000
R12=00000000 R13=00012000 R14=000101e4 R15=00010218
PSR=600001d3 -ZC- A svc32
R00=101f1000 R01=0000000d R02=0000000d R03=00000000
R04=00010981 R05=0001098c R06=00000000 R07=00000000
R08=00000000 R09=00000000 R10=00000000 R11=00000000
R12=00000000 R13=00012000 R14=000101e4 R15=000101e4
PSR=600001d3 -ZC- A svc32
----------------
IN: 
0x000101e4:  e59f147c      ldr	r1, [pc, #1148]	; 0x10668

R00=101f1000 R01=00010910 R02=0000000d R03=00000000
R04=00010981 R05=0001098c R06=00000000 R07=00000000
R08=00000000 R09=00000000 R10=00000000 R11=00000000
R12=00000000 R13=00012000 R14=000101e4 R15=000101e8
PSR=600001d3 -ZC- A svc32
----------------
IN: 
0x000101e8:  eb000001      bl	0x101f4

R00=101f1000 R01=00010910 R02=0000000d R03=00000000
R04=00010981 R05=0001098c R06=00000000 R07=00000000
R08=00000000 R09=00000000 R10=00000000 R11=00000000
R12=00000000 R13=00012000 R14=000101ec R15=000101f4
PSR=600001d3 -ZC- A svc32
R00=101f1000 R01=00010910 R02=0000000d R03=00000000
R04=00010981 R05=0001098c R06=00000000 R07=00000000
R08=00000000 R09=00000000 R10=00000000 R11=00000000
R12=00000000 R13=00012000 R14=000101ec R15=000101ec
PSR=600001d3 -ZC- A svc32
----------------
IN: 
0x000101ec:  eaffffff      b	0x101f0

R00=101f1000 R01=00010910 R02=0000000d R03=00000000
R04=00010981 R05=0001098c R06=00000000 R07=00000000
R08=00000000 R09=00000000 R10=00000000 R11=00000000
R12=00000000 R13=00012000 R14=000101ec R15=000101f0
PSR=600001d3 -ZC- A svc32
----------------
IN: 
0x000101f0:  eafffffe      b	0x101f0

R00=101f1000 R01=00010910 R02=0000000d R03=00000000
R04=00010981 R05=0001098c R06=00000000 R07=00000000
R08=00000000 R09=00000000 R10=00000000 R11=00000000
R12=00000000 R13=00012000 R14=000101ec R15=000101f0
PSR=600001d3 -ZC- A svc32
R00=101f1000 R01=00010910 R02=0000000d R03=00000000
R04=00010981 R05=0001098c R06=00000000 R07=00000000
R08=00000000 R09=00000000 R10=00000000 R11=00000000
R12=00000000 R13=00012000 R14=000101ec R15=000101f0
PSR=600001d3 -ZC- A svc32
R00=101f1000 R01=00010910 R02=0000000d R03=00000000
R04=00010981 R05=0001098c R06=00000000 R07=00000000
R08=00000000 R09=00000000 R10=00000000 R11=00000000
R12=00000000 R13=00012000 R14=000101ec R15=000101f0
PSR=600001d3 -ZC- A svc32
